UpdateCTestConfiguration  from :/home/nonroot/shared/oops/build/DartConfiguration.tcl
Parse Config file:/home/nonroot/shared/oops/build/DartConfiguration.tcl
UpdateCTestConfiguration  from :/home/nonroot/shared/oops/build/DartConfiguration.tcl
Parse Config file:/home/nonroot/shared/oops/build/DartConfiguration.tcl
Test project /home/nonroot/shared/oops/build
Constructing a list of tests
Done constructing a list of tests
Updating test list for fixtures
Added 0 tests to meet fixture requirements
Checking test dependency graph...
Checking test dependency graph end
test 148
    Start 148: test_l95_letkf

148: Test command: /home/nonroot/shared/oops/build/bin/l95_letkf.x "testinput/letkf.yaml"
148: Environment variables: 
148:  OMP_NUM_THREADS=2
148: Test timeout computed to be: 1500
148: Configuration input file is: testinput/letkf.yaml
148: OOPS Starting 2024-12-03 22:49:23 (UTC+0000)
148: [TestReference] Comparing to reference file: testoutput/letkf.test
148: Relative float tolerance for tests : 1e-06
148: Absolute float tolerance for tests : 0
148: [TestReference] Saving Test output to: testoutput/letkf.out
148: Full configuration is:YAMLConfiguration[path=testinput/letkf.yaml, root={window begin => 2010-01-01T21:00:00Z , window length => PT6H , geometry => {resol => 40} , background => {members from template => {template => {date => 2010-01-02T00:00:00Z , filename => Data/forecast.ens.%mem%.2010-01-01T00:00:00Z.P1D.l95} , pattern => %mem% , nmembers => 5}} , observations => {observers => ({obs error => {covariance model => diagonal} , obs localizations => ({localization method => Gaspari-Cohn , lengthscale => 0.1}) , obs space => {obsdatain => {engine => {obsfile => Data/truth.2010-01-02T00:00:00Z.obt}} , obsdataout => {engine => {obsfile => Data/letkf.2010-01-02T00:00:00Z.obt}}} , obs operator => {}})} , driver => {save prior mean => true , save posterior mean => true , save posterior mean increment => true , save posterior ensemble increments => true , save prior variance => true , save posterior variance => true , update obs config with geometry info => false} , local ensemble DA => {solver => LETKF , inflation => {rtps => 0.5 , rtpp => 0.5 , mult => 1.1}} , output => {datadir => Data , date => 2010-01-02T00:00:00Z , exp => letkf.%{member}% , type => an} , output increment => {datadir => Data , date => 2010-01-02T00:00:00Z , exp => letkf.increment.%{member}% , type => an} , output ensemble increments => {datadir => Data , date => 2010-01-02T00:00:00Z , exp => letkf.increment.%{member}% , type => an} , output mean prior => {datadir => Data , date => 2010-01-02T00:00:00Z , exp => letkf.xbmean.%{member}% , type => an} , output variance prior => {datadir => Data , date => 2010-01-02T00:00:00Z , exp => letkf.xbvar.%{member}% , type => an} , output variance posterior => {datadir => Data , date => 2010-01-02T00:00:00Z , exp => letkf.xavar.%{member}% , type => an} , test => {reference filename => testoutput/letkf.test , test output filename => testoutput/letkf.out}}]
148: OOPS_STATS ObjectCountHelper started.
148: OOPS_STATS Run start                                - Runtime:      0.03 sec,  Memory: total:    29.89 Mb, per task: min =    29.89 Mb, max =    29.89 Mb
148: Run: Starting oops::LocalEnsembleDA<Lorenz 95, Lorenz 95 Obs>
148: Observation window from 2010-01-01T21:00:00Z to 2010-01-02T03:00:00Z
148: GeometryData: Global tree size = 40, footprint = 2560
148: OOPS_STATS LocalEnsembleDA before solver ctor       - Runtime:     0.07 sec,  Local Memory:    34.33 Mb
148: Multiplicative inflation will be applied with multCoeff=1.1
148: RTPP inflation will be applied with rtppCoeff=0.5
148: RTPS inflation will be applied with rtpsCoeff=0.5
148: Using EIGEN implementation of LETKF
148: Test     : Initial state for member 1:
148: Test     :  Valid time: 2010-01-02T00:00:00Z
148: Test     :  Min=3.5360944731346300e+00, Max=1.1197408772662600e+01, Average=7.9097771698488781e+00
148: Test     : Initial state for member 2:
148: Test     :  Valid time: 2010-01-02T00:00:00Z
148: Test     :  Min=3.7750714660572902e+00, Max=1.1184390839101701e+01, Average=7.7504740680820658e+00
148: Test     : Initial state for member 3:
148: Test     :  Valid time: 2010-01-02T00:00:00Z
148: Test     :  Min=5.3688150613089300e+00, Max=1.0844015150837601e+01, Average=7.8057606908578121e+00
148: Test     : Initial state for member 4:
148: Test     :  Valid time: 2010-01-02T00:00:00Z
148: Test     :  Min=4.1463865178134700e+00, Max=1.1673384864377301e+01, Average=7.7600117472793597e+00
148: Test     : Initial state for member 5:
148: Test     :  Valid time: 2010-01-02T00:00:00Z
148: Test     :  Min=3.1756287528176999e+00, Max=1.0818287765402999e+01, Average=7.6024271099360359e+00
148: OOPS_STATS LocalEnsembleDA before computeHofX       - Runtime:     0.08 sec,  Local Memory:    34.33 Mb
148: Model:forecast: forecast starting: 
148:  Valid time: 2010-01-02T00:00:00Z
148:  Min=3.53609, Max=11.1974, Average=7.90978
148: Model:forecast: forecast finished: 
148:  Valid time: 2010-01-02T00:00:00Z
148:  Min=3.53609, Max=11.1974, Average=7.90978
148: ObsErrorDiag covariance updated 40
148: Observer::finalize QC = Lorenz 95 nobs= 40 Min=0, Max=0, Average=0
148: Test     : H(x) for member 1:
148: Test     : Lorenz 95 nobs= 40 Min=3.5360944731346300e+00, Max=1.1197408772662600e+01, Average=7.9242165811889418e+00
148: 
148: Model:forecast: forecast starting: 
148:  Valid time: 2010-01-02T00:00:00Z
148:  Min=3.77507, Max=11.1844, Average=7.75047
148: Model:forecast: forecast finished: 
148:  Valid time: 2010-01-02T00:00:00Z
148:  Min=3.77507, Max=11.1844, Average=7.75047
148: ObsErrorDiag covariance updated 40
148: ObsTable::putdb over-writing ObsBias0
148: Observer::finalize QC = Lorenz 95 nobs= 40 Min=0, Max=0, Average=0
148: Test     : H(x) for member 2:
148: Test     : Lorenz 95 nobs= 40 Min=3.7750714660572902e+00, Max=1.0140863272055700e+01, Average=7.7627958520376783e+00
148: 
148: Model:forecast: forecast starting: 
148:  Valid time: 2010-01-02T00:00:00Z
148:  Min=5.36882, Max=10.844, Average=7.80576
148: Model:forecast: forecast finished: 
148:  Valid time: 2010-01-02T00:00:00Z
148:  Min=5.36882, Max=10.844, Average=7.80576
148: ObsErrorDiag covariance updated 40
148: ObsTable::putdb over-writing ObsBias0
148: Observer::finalize QC = Lorenz 95 nobs= 40 Min=0, Max=0, Average=0
148: Test     : H(x) for member 3:
148: Test     : Lorenz 95 nobs= 40 Min=5.9000234408480896e+00, Max=1.0844015150837601e+01, Average=7.7949970142396428e+00
148: 
148: Model:forecast: forecast starting: 
148:  Valid time: 2010-01-02T00:00:00Z
148:  Min=4.14639, Max=11.6734, Average=7.76001
148: Model:forecast: forecast finished: 
148:  Valid time: 2010-01-02T00:00:00Z
148:  Min=4.14639, Max=11.6734, Average=7.76001
148: ObsErrorDiag covariance updated 40
148: ObsTable::putdb over-writing ObsBias0
148: Observer::finalize QC = Lorenz 95 nobs= 40 Min=0, Max=0, Average=0
148: Test     : H(x) for member 4:
148: Test     : Lorenz 95 nobs= 40 Min=4.1463865178134700e+00, Max=1.1673384864377301e+01, Average=7.7510445048735317e+00
148: 
148: Model:forecast: forecast starting: 
148:  Valid time: 2010-01-02T00:00:00Z
148:  Min=3.17563, Max=10.8183, Average=7.60243
148: Model:forecast: forecast finished: 
148:  Valid time: 2010-01-02T00:00:00Z
148:  Min=3.17563, Max=10.8183, Average=7.60243
148: ObsErrorDiag covariance updated 40
148: ObsTable::putdb over-writing ObsBias0
148: Observer::finalize QC = Lorenz 95 nobs= 40 Min=0, Max=0, Average=0
148: Test     : H(x) for member 5:
148: Test     : Lorenz 95 nobs= 40 Min=4.0852359076666502e+00, Max=1.0818287765402999e+01, Average=7.6347405115901257e+00
148: 
148: Model:forecast: forecast starting: 
148:  Valid time: 2010-01-02T00:00:00Z
148:  Min=5.25199, Max=9.50208, Average=7.76569
148: Model:forecast: forecast finished: 
148:  Valid time: 2010-01-02T00:00:00Z
148:  Min=5.25199, Max=9.50208, Average=7.76569
148: ObsErrorDiag covariance updated 40
148: ObsTable::putdb over-writing ObsBias0
148: Observer::finalize QC = Lorenz 95 nobs= 40 Min=0, Max=0, Average=0
148: ObsTable::putdb over-writing ObsError
148: Test     : H(x) ensemble background mean: 
148: Test     : Lorenz 95 nobs= 40 Min=5.2519885916484164e+00, Max=9.5020752396112194e+00, Average=7.7735588927859851e+00
148: 
148: Test     : background y - H(x): 
148: Test     : Lorenz 95 nobs= 40 Min=-1.4742452396112196e+00, Max=2.7415614083515836e+00, Average=2.3672010721401576e-01
148: 
148: Test     : Background mean :
148: Test     :  Valid time: 2010-01-02T00:00:00Z
148: Test     :  Min=5.2519885916484164e+00, Max=9.5020752396112176e+00, Average=7.7656901572008321e+00
148: Beginning core local solver...
148: OOPS_STATS LocalEnsembleDA before solver            - Runtime:      0.10 sec,  Memory: total:    34.62 Mb, per task: min =    34.62 Mb, max =    34.62 Mb
148: Local solver completed.
148: OOPS_STATS LocalEnsembleDA after solver             - Runtime:      0.11 sec,  Memory: total:    34.91 Mb, per task: min =    34.91 Mb, max =    34.91 Mb
148: Test     : Analysis mean :
148: Test     :  Valid time: 2010-01-02T00:00:00Z
148: Test     :  Min=6.6249623928275465e+00, Max=9.4389840098035815e+00, Average=8.0428239225945468e+00
148: Test     : Analysis mean increment :
148: Test     :  Valid time: 2010-01-02T00:00:00Z
148: Test     :  Min=-1.4949255322171062e+00, Max=2.4313274341290576e+00, Average=2.7713376539371415e-01
148: Test     : Forecast variance :
148: Test     :  Valid time: 2010-01-02T00:00:00Z
148: Test     :  Min=1.8005268601820407e-01, Max=5.9517881311415444e+00, Average=2.1631132241838325e+00
148: Test     : Analysis variance :
148: Test     :  Valid time: 2010-01-02T00:00:00Z
148: Test     :  Min=1.6122403628444335e-01, Max=3.9056021427204621e+00, Average=1.4793076280506470e+00
148: Model:forecast: forecast starting: 
148:  Valid time: 2010-01-02T00:00:00Z
148:  Min=6.3164, Max=10.2406, Average=8.14392
148: Model:forecast: forecast finished: 
148:  Valid time: 2010-01-02T00:00:00Z
148:  Min=6.3164, Max=10.2406, Average=8.14392
148: ObsErrorDiag covariance updated 40
148: Observer::finalize QC = Lorenz 95 nobs= 40 Min=0, Max=0, Average=0
148: Test     : H(x) for member 1:
148: Test     : Lorenz 95 nobs= 40 Min=6.3164023565008343e+00, Max=9.7317844949662895e+00, Average=8.0667650106323840e+00
148: 
148: Model:forecast: forecast starting: 
148:  Valid time: 2010-01-02T00:00:00Z
148:  Min=5.5581, Max=9.80612, Average=8.03227
148: Model:forecast: forecast finished: 
148:  Valid time: 2010-01-02T00:00:00Z
148:  Min=5.5581, Max=9.80612, Average=8.03227
148: ObsErrorDiag covariance updated 40
148: ObsTable::putdb over-writing ObsBias1
148: Observer::finalize QC = Lorenz 95 nobs= 40 Min=0, Max=0, Average=0
148: Test     : H(x) for member 2:
148: Test     : Lorenz 95 nobs= 40 Min=5.5580967342113974e+00, Max=9.5223323125758821e+00, Average=7.9537520244143307e+00
148: 
148: Model:forecast: forecast starting: 
148:  Valid time: 2010-01-02T00:00:00Z
148:  Min=5.62319, Max=12.0443, Average=8.06688
148: Model:forecast: forecast finished: 
148:  Valid time: 2010-01-02T00:00:00Z
148:  Min=5.62319, Max=12.0443, Average=8.06688
148: ObsErrorDiag covariance updated 40
148: ObsTable::putdb over-writing ObsBias1
148: Observer::finalize QC = Lorenz 95 nobs= 40 Min=0, Max=0, Average=0
148: Test     : H(x) for member 3:
148: Test     : Lorenz 95 nobs= 40 Min=6.1662314356720724e+00, Max=9.8014504635037039e+00, Average=7.9658959430002394e+00
148: 
148: Model:forecast: forecast starting: 
148:  Valid time: 2010-01-02T00:00:00Z
148:  Min=4.31662, Max=11.7869, Average=8.03724
148: Model:forecast: forecast finished: 
148:  Valid time: 2010-01-02T00:00:00Z
148:  Min=4.31662, Max=11.7869, Average=8.03724
148: ObsErrorDiag covariance updated 40
148: ObsTable::putdb over-writing ObsBias1
148: Observer::finalize QC = Lorenz 95 nobs= 40 Min=0, Max=0, Average=0
148: Test     : H(x) for member 4:
148: Test     : Lorenz 95 nobs= 40 Min=4.3166171134268252e+00, Max=1.1786918140371402e+01, Average=7.9337212991822330e+00
148: 
148: Model:forecast: forecast starting: 
148:  Valid time: 2010-01-02T00:00:00Z
148:  Min=4.50572, Max=10.3119, Average=7.93381
148: Model:forecast: forecast finished: 
148:  Valid time: 2010-01-02T00:00:00Z
148:  Min=4.50572, Max=10.3119, Average=7.93381
148: ObsErrorDiag covariance updated 40
148: ObsTable::putdb over-writing ObsBias1
148: Observer::finalize QC = Lorenz 95 nobs= 40 Min=0, Max=0, Average=0
148: Test     : H(x) for member 5:
148: Test     : Lorenz 95 nobs= 40 Min=5.6734227655581471e+00, Max=9.8158537563741959e+00, Average=7.8518546254638109e+00
148: 
148: Model:forecast: forecast starting: 
148:  Valid time: 2010-01-02T00:00:00Z
148:  Min=5.25199, Max=9.50208, Average=7.76569
148: Model:forecast: forecast finished: 
148:  Valid time: 2010-01-02T00:00:00Z
148:  Min=5.25199, Max=9.50208, Average=7.76569
148: ObsErrorDiag covariance updated 40
148: ObsTable::putdb over-writing ObsBias1
148: Observer::finalize QC = Lorenz 95 nobs= 40 Min=0, Max=0, Average=0
148: ObsTable::putdb over-writing ObsError
148: Test     : H(x) ensemble analysis mean: 
148: Test     : Lorenz 95 nobs= 40 Min=6.6249623928275456e+00, Max=9.4389840098035815e+00, Average=7.9543977805386010e+00
148: 
148: Test     : analysis y - H(x): 
148: Test     : Lorenz 95 nobs= 40 Min=-1.6086400980358206e-01, Max=3.2289995047580167e-01, Average=5.5881219461400657e-02
148: 
148: Test     : ombg RMS: 9.5118895417045601e-01
148: Test     : oman RMS: 1.2699450352117916e-01
148: 
148: Run: Finishing oops::LocalEnsembleDA<Lorenz 95, Lorenz 95 Obs>
148: OOPS_STATS  
148: OOPS_STATS ----------------------------------------------------------------------------------
148: OOPS_STATS --------------------------- Object counts ----------------------------------------
148: OOPS_STATS ----------------------------------------------------------------------------------
148: OOPS_STATS                                      Total  Simult. Remain    Avg (Mb)    HWM (Mb)
148: OOPS_STATS lorenz95::GomL95                :       12       1        
148: OOPS_STATS lorenz95::IncrementL95          :       30      13        
148: OOPS_STATS lorenz95::Iterator              :      124       3        
148: OOPS_STATS lorenz95::LocsL95               :       12       1        
148: OOPS_STATS lorenz95::ModelBias             :       12       1        
148: OOPS_STATS lorenz95::ObsBias               :       12       1        
148: OOPS_STATS lorenz95::ObsData1D             :       36       3        
148: OOPS_STATS lorenz95::ObsTable              :        1       1        
148: OOPS_STATS lorenz95::ObsVec1D              :      129      21        
148: OOPS_STATS lorenz95::ObservationL95        :       12       1        
148: OOPS_STATS lorenz95::StateL95              :       38       9        
148: OOPS_STATS oops::GeoVaLs                   :       12       1        
148: OOPS_STATS oops::Geometry                  :        1       1        
148: OOPS_STATS oops::GeometryIterator          :       82       2        
148: OOPS_STATS oops::GetValues                 :       12       1        
148: OOPS_STATS oops::Increment                 :       30      13                0.00        0.00
148: OOPS_STATS oops::LocalInterpolator         :       12       1        
148: OOPS_STATS oops::Model                     :       12       1        
148: OOPS_STATS oops::ModelAuxControl           :       12       1        
148: OOPS_STATS oops::ObsAuxControl             :       12       1        
148: OOPS_STATS oops::ObsDataVector             :       36       3        
148: OOPS_STATS oops::ObsDiagnostics            :       12       1        
148: OOPS_STATS oops::ObsError                  :       12       2        
148: OOPS_STATS oops::ObsOperator               :       12       1        
148: OOPS_STATS oops::ObsSpace                  :        1       1                2.15        2.15
148: OOPS_STATS oops::ObsSpaces                 :        1       1        
148: OOPS_STATS oops::ObsVector                 :      129      21                0.00        0.01
148: OOPS_STATS oops::SampledLocations          :       36       3        
148: OOPS_STATS oops::State                     :       38       9                0.00        0.00
148: OOPS_STATS oops::VariableChange            :       12       1        
148: OOPS_STATS ----------------------------- Object counts --------------------------------------
148: OOPS_STATS  
148: OOPS_STATS --------------------------------------------------------------------------------------------
148: OOPS_STATS ------------------------------------ Timing Statistics -------------------------------------
148: OOPS_STATS --------------------------------------------------------------------------------------------
148: OOPS_STATS Name                                                :   total (ms)   count    time/call (ms)
148: OOPS_STATS oops::GeoVaLs::GeoVaLs                              :         0.06      12            0.0052
148: OOPS_STATS oops::GeoVaLs::fill                                 :         0.04      12            0.0029
148: OOPS_STATS oops::GeoVaLs::~GeoVaLs                             :         0.02      12            0.0016
148: OOPS_STATS oops::Geometry::Geometry                            :         1.29       1            1.2942
148: OOPS_STATS oops::Geometry::begin                               :         0.10       1            0.1016
148: OOPS_STATS oops::Geometry::end                                 :         0.04      41            0.0009
148: OOPS_STATS oops::Geometry::latlon                              :         0.26       2            0.1300
148: OOPS_STATS oops::Geometry::variableSizes                       :         0.04      36            0.0011
148: OOPS_STATS oops::Geometry::~Geometry                           :         0.06       1            0.0645
148: OOPS_STATS oops::GeometryData::setGlobalTree                   :         0.21       1            0.2131
148: OOPS_STATS oops::GeometryData::setLocalTree                    :         0.76       1            0.7572
148: OOPS_STATS oops::GeometryIterator::GeometryIterator            :         0.01      82            0.0001
148: OOPS_STATS oops::GeometryIterator::operator!=                  :         0.03      41            0.0008
148: OOPS_STATS oops::GeometryIterator::operator++                  :         0.04      40            0.0009
148: OOPS_STATS oops::GeometryIterator::~GeometryIterator           :         0.03      82            0.0003
148: OOPS_STATS oops::GetValues::GetValues                          :         0.98      12            0.0819
148: OOPS_STATS oops::GetValues::fillGeoVaLs                        :         0.88      12            0.0730
148: OOPS_STATS oops::GetValues::finalize                           :         0.51      12            0.0427
148: OOPS_STATS oops::GetValues::process                            :         1.18      12            0.0981
148: OOPS_STATS oops::Increment::Increment                          :         0.16      30            0.0054
148: OOPS_STATS oops::Increment::diff                               :         0.16       6            0.0268
148: OOPS_STATS oops::Increment::getLocal                           :         0.33     320            0.0010
148: OOPS_STATS oops::Increment::operator*=                         :         0.03       4            0.0071
148: OOPS_STATS oops::Increment::operator+=                         :         0.03      20            0.0017
148: OOPS_STATS oops::Increment::operator+=(State, Increment)       :         0.06       5            0.0114
148: OOPS_STATS oops::Increment::operator-=                         :         0.05      15            0.0035
148: OOPS_STATS oops::Increment::print                              :         0.18       3            0.0588
148: OOPS_STATS oops::Increment::schur_product_with                 :         0.04      10            0.0042
148: OOPS_STATS oops::Increment::setLocal                           :         0.04     200            0.0002
148: OOPS_STATS oops::Increment::~Increment                         :         0.07      30            0.0025
148: OOPS_STATS oops::LETKFSolver::applyWeights                     :         1.36      40            0.0341
148: OOPS_STATS oops::LETKFSolver::computeWeights                   :         3.75      40            0.0938
148: OOPS_STATS oops::LETKFSolver::measurementUpdate                :         7.04      40            0.1761
148: OOPS_STATS oops::LocalEnsembleSolver::computeHofX              :        21.65       2           10.8236
148: OOPS_STATS oops::LocalInterpolator::LocalInterpolator          :         0.08      12            0.0070
148: OOPS_STATS oops::LocalInterpolator::apply                      :         0.93      12            0.0778
148: OOPS_STATS oops::LocalInterpolator::~LocalInterpolator         :         0.02      12            0.0014
148: OOPS_STATS oops::Model::finalize                               :         0.01      12            0.0010
148: OOPS_STATS oops::Model::initialize                             :         0.24      12            0.0201
148: OOPS_STATS oops::Model::~Model                                 :         0.01      12            0.0006
148: OOPS_STATS oops::ModelAuxControl::ModelAuxControl              :         0.06      12            0.0048
148: OOPS_STATS oops::ModelAuxControl::~ModelAuxControl             :         0.00      12            0.0002
148: OOPS_STATS oops::ObsAuxControl::ObsAuxControl                  :         0.15      12            0.0124
148: OOPS_STATS oops::ObsAuxControl::requiredHdiagnostics           :         0.00      12            0.0002
148: OOPS_STATS oops::ObsAuxControl::requiredVars                   :         0.00      24            0.0001
148: OOPS_STATS oops::ObsAuxControl::~ObsAuxControl                 :         0.01      12            0.0005
148: OOPS_STATS oops::ObsDataVector::ObsDataVector                  :         0.09      36            0.0025
148: OOPS_STATS oops::ObsDataVector::mask                           :         0.01      12            0.0004
148: OOPS_STATS oops::ObsDataVector::operator=                      :         0.04      36            0.0012
148: OOPS_STATS oops::ObsDataVector::print                          :         0.04      12            0.0031
148: OOPS_STATS oops::ObsDataVector::save                           :         0.15       4            0.0384
148: OOPS_STATS oops::ObsDataVector::~ObsDataVector                 :         0.03      36            0.0009
148: OOPS_STATS oops::ObsDiagnostics::ObsDiagnostics                :         0.00      12            0.0002
148: OOPS_STATS oops::ObsDiagnostics::~ObsDiagnostics               :         0.00      12            0.0002
148: OOPS_STATS oops::ObsError::ObsErrors                           :         0.72      12            0.0597
148: OOPS_STATS oops::ObsError::inverseVariance                     :         0.00       2            0.0020
148: OOPS_STATS oops::ObsError::obserrors                           :         0.08      12            0.0069
148: OOPS_STATS oops::ObsError::save                                :         0.07       2            0.0359
148: OOPS_STATS oops::ObsError::update                              :         0.13      12            0.0106
148: OOPS_STATS oops::ObsError::~ObsError                           :         0.05      12            0.0043
148: OOPS_STATS oops::ObsOperator::Lorenz 95::ObsOperator           :         0.06      12            0.0046
148: OOPS_STATS oops::ObsOperator::Lorenz 95::computeReducedVars    :         0.00      12            0.0001
148: OOPS_STATS oops::ObsOperator::Lorenz 95::locations             :         0.31      12            0.0262
148: OOPS_STATS oops::ObsOperator::Lorenz 95::requiredVars          :         0.00      12            0.0001
148: OOPS_STATS oops::ObsOperator::Lorenz 95::simulateObs           :         0.05      12            0.0044
148: OOPS_STATS oops::ObsOperator::Lorenz 95::~ObsOperator          :         0.04      12            0.0031
148: OOPS_STATS oops::ObsSpace::ObsSpace                            :         2.69       1            2.6928
148: OOPS_STATS oops::ObsSpace::obsvariables                        :         0.00      24            0.0000
148: OOPS_STATS oops::ObsSpace::save                                :         3.38       1            3.3821
148: OOPS_STATS oops::ObsSpace::~ObsSpace                           :         0.17       1            0.1700
148: OOPS_STATS oops::ObsVector::ObsVector                          :         0.22     129            0.0017
148: OOPS_STATS oops::ObsVector::dot_product                        :         0.03       2            0.0136
148: OOPS_STATS oops::ObsVector::invert                             :         0.01      24            0.0006
148: OOPS_STATS oops::ObsVector::mask(ObsVector)                    :         0.09      64            0.0015
148: OOPS_STATS oops::ObsVector::ones                               :         0.02      80            0.0002
148: OOPS_STATS oops::ObsVector::operator*=                         :         0.04      26            0.0017
148: OOPS_STATS oops::ObsVector::operator+=                         :         0.05      10            0.0055
148: OOPS_STATS oops::ObsVector::operator-=                         :         0.03      14            0.0021
148: OOPS_STATS oops::ObsVector::operator=                          :         0.11      64            0.0017
148: OOPS_STATS oops::ObsVector::packEigen                          :         0.11     320            0.0003
148: OOPS_STATS oops::ObsVector::packEigenSize                      :         0.10     360            0.0003
148: OOPS_STATS oops::ObsVector::save                               :         0.26      28            0.0093
148: OOPS_STATS oops::ObsVector::zero                               :         0.01      14            0.0009
148: OOPS_STATS oops::ObsVector::~ObsVector                         :         0.02     129            0.0002
148: OOPS_STATS oops::Parameters::deserialize                       :         4.84      65            0.0745
148: OOPS_STATS oops::Parameters::serialize                         :         0.98      51            0.0192
148: OOPS_STATS oops::Parameters::validate                          :        32.31      27            1.1966
148: OOPS_STATS oops::SampledLocations::SampledLocations            :         0.01      24            0.0003
148: OOPS_STATS oops::SampledLocations::latitudes                   :         0.00      12            0.0001
148: OOPS_STATS oops::SampledLocations::longitudes                  :         0.00      12            0.0001
148: OOPS_STATS oops::SampledLocations::times                       :         0.00      12            0.0001
148: OOPS_STATS oops::SampledLocations::~SampledLocations           :         0.03      36            0.0009
148: OOPS_STATS oops::State::State                                  :         1.81      38            0.0476
148: OOPS_STATS oops::State::accumul                                :         0.03      10            0.0034
148: OOPS_STATS oops::State::operator=                              :         0.07      17            0.0038
148: OOPS_STATS oops::State::print                                  :         0.95      31            0.0307
148: OOPS_STATS oops::State::toFieldSet                             :         0.57      12            0.0477
148: OOPS_STATS oops::State::variables                              :         0.00       1            0.0005
148: OOPS_STATS oops::State::write                                  :         1.90       7            0.2710
148: OOPS_STATS oops::State::zero                                   :         0.02       2            0.0096
148: OOPS_STATS oops::State::~State                                 :         0.34      38            0.0089
148: OOPS_STATS oops::VariableChange::VariableChange                :         0.00      12            0.0002
148: OOPS_STATS oops::VariableChange::changeVar                     :         0.00      12            0.0002
148: OOPS_STATS oops::VariableChange::~VariableChange               :         0.02      12            0.0020
148: OOPS_STATS util::Timers::Total                                 :        97.95       1           97.9513
148: OOPS_STATS util::Timers::measured                              :        78.52       1           78.5240
148: OOPS_STATS ------------------------------------ Timing Statistics -------------------------------------
148: 
148: OOPS_STATS ------------------------------------------------------------------------------------------------------------------
148: OOPS_STATS ---------------------------------- Parallel Timing Statistics (   1 MPI tasks) -----------------------------------
148: OOPS_STATS ------------------------------------------------------------------------------------------------------------------
148: OOPS_STATS Name                                                :     min (ms)    max (ms)    avg (ms)     % total   imbal (%)
148: OOPS_STATS oops::Geometry::Geometry                            :         1.29        1.29        1.29        1.32        0.00
148: OOPS_STATS oops::Geometry::begin                               :         0.10        0.10        0.10        0.10        0.00
148: OOPS_STATS oops::Geometry::latlon                              :         0.26        0.26        0.26        0.27        0.00
148: OOPS_STATS oops::GeometryData::setGlobalTree                   :         0.21        0.21        0.21        0.22        0.00
148: OOPS_STATS oops::GeometryData::setLocalTree                    :         0.76        0.76        0.76        0.77        0.00
148: OOPS_STATS oops::GetValues::GetValues                          :         0.98        0.98        0.98        1.00        0.00
148: OOPS_STATS oops::GetValues::fillGeoVaLs                        :         0.88        0.88        0.88        0.89        0.00
148: OOPS_STATS oops::GetValues::finalize                           :         0.51        0.51        0.51        0.52        0.00
148: OOPS_STATS oops::GetValues::process                            :         1.18        1.18        1.18        1.20        0.00
148: OOPS_STATS oops::Increment::Increment                          :         0.16        0.16        0.16        0.17        0.00
148: OOPS_STATS oops::Increment::diff                               :         0.16        0.16        0.16        0.16        0.00
148: OOPS_STATS oops::Increment::getLocal                           :         0.33        0.33        0.33        0.34        0.00
148: OOPS_STATS oops::Increment::print                              :         0.18        0.18        0.18        0.18        0.00
148: OOPS_STATS oops::LETKFSolver::applyWeights                     :         1.36        1.36        1.36        1.39        0.00
148: OOPS_STATS oops::LETKFSolver::computeWeights                   :         3.75        3.75        3.75        3.83        0.00
148: OOPS_STATS oops::LETKFSolver::measurementUpdate                :         7.04        7.04        7.04        7.19        0.00
148: OOPS_STATS oops::LocalEnsembleSolver::computeHofX              :        21.65       21.65       21.65       22.10        0.00
148: OOPS_STATS oops::LocalInterpolator::apply                      :         0.93        0.93        0.93        0.95        0.00
148: OOPS_STATS oops::Model::initialize                             :         0.24        0.24        0.24        0.25        0.00
148: OOPS_STATS oops::ObsAuxControl::ObsAuxControl                  :         0.15        0.15        0.15        0.15        0.00
148: OOPS_STATS oops::ObsDataVector::save                           :         0.15        0.15        0.15        0.16        0.00
148: OOPS_STATS oops::ObsError::ObsErrors                           :         0.72        0.72        0.72        0.73        0.00
148: OOPS_STATS oops::ObsError::update                              :         0.13        0.13        0.13        0.13        0.00
148: OOPS_STATS oops::ObsOperator::Lorenz 95::locations             :         0.31        0.31        0.31        0.32        0.00
148: OOPS_STATS oops::ObsSpace::ObsSpace                            :         2.69        2.69        2.69        2.75        0.00
148: OOPS_STATS oops::ObsSpace::save                                :         3.38        3.38        3.38        3.45        0.00
148: OOPS_STATS oops::ObsSpace::~ObsSpace                           :         0.17        0.17        0.17        0.17        0.00
148: OOPS_STATS oops::ObsVector::ObsVector                          :         0.22        0.22        0.22        0.22        0.00
148: OOPS_STATS oops::ObsVector::operator=                          :         0.11        0.11        0.11        0.11        0.00
148: OOPS_STATS oops::ObsVector::packEigen                          :         0.11        0.11        0.11        0.11        0.00
148: OOPS_STATS oops::ObsVector::packEigenSize                      :         0.10        0.10        0.10        0.10        0.00
148: OOPS_STATS oops::ObsVector::save                               :         0.26        0.26        0.26        0.26        0.00
148: OOPS_STATS oops::Parameters::deserialize                       :         4.84        4.84        4.84        4.94        0.00
148: OOPS_STATS oops::Parameters::serialize                         :         0.98        0.98        0.98        1.00        0.00
148: OOPS_STATS oops::Parameters::validate                          :        32.31       32.31       32.31       32.98        0.00
148: OOPS_STATS oops::State::State                                  :         1.81        1.81        1.81        1.85        0.00
148: OOPS_STATS oops::State::print                                  :         0.95        0.95        0.95        0.97        0.00
148: OOPS_STATS oops::State::toFieldSet                             :         0.57        0.57        0.57        0.58        0.00
148: OOPS_STATS oops::State::write                                  :         1.90        1.90        1.90        1.94        0.00
148: OOPS_STATS oops::State::~State                                 :         0.34        0.34        0.34        0.35        0.00
148: OOPS_STATS util::Timers::Total                                 :        97.95       97.95       97.95      100.00        0.00
148: OOPS_STATS util::Timers::measured                              :        78.52       78.52       78.52       80.17        0.00
148: OOPS_STATS ---------------------------------- Parallel Timing Statistics (   1 MPI tasks) -----------------------------------
148: 
148: OOPS_STATS Run end                                  - Runtime:      0.12 sec,  Memory: total:    35.04 Mb, per task: min =    35.04 Mb, max =    35.04 Mb
148: Run: Finishing oops::LocalEnsembleDA<Lorenz 95, Lorenz 95 Obs> with status = 0
148: terminate called after throwing an instance of 'oops::TestReferenceIntegerMismatchError'
148:   what():  Test reference Integer mismatch @ Line:22
148: Test Val : 40
148: Ref  Val : 120
148: Delta    : 80
148: Tolerance: 0
148: Test Line: 'Lorenz 95 nobs= 40 Min=3.5360944731346300e+00, Max=1.1197408772662600e+01, Average=7.9242165811889418e+00'
148: Ref Line : 'Lorenz 95 nobs= 120 Min=3.5360944731346300e+00, Max=1.1197408772662600e+01, Average=7.9097771698488772e+00'
1/4 Test #148: test_l95_letkf ...................Subprocess aborted***Exception:   0.20 sec
test 149
    Start 149: test_l95_letkf_noobs

149: Test command: /home/nonroot/shared/oops/build/bin/l95_letkf.x "testinput/letkf_noobs.yaml"
149: Environment variables: 
149:  OMP_NUM_THREADS=1
149: Test timeout computed to be: 1500
149: Configuration input file is: testinput/letkf_noobs.yaml
149: OOPS Starting 2024-12-03 22:49:23 (UTC+0000)
149: [TestReference] Comparing to reference file: testoutput/letkf_noobs.test
149: Relative float tolerance for tests : 1e-06
149: Absolute float tolerance for tests : 0
149: Full configuration is:YAMLConfiguration[path=testinput/letkf_noobs.yaml, root={window begin => 2010-01-01T21:00:00Z , window length => PT6H , geometry => {resol => 40} , background => {members from template => {template => {date => 2010-01-02T00:00:00Z , filename => Data/forecast.ens.%mem%.2010-01-01T00:00:00Z.P1D.l95} , pattern => %mem% , nmembers => 5}} , driver => {update obs config with geometry info => false} , observations => {observers => ({obs error => {covariance model => diagonal} , obs localizations => ({localization method => Gaspari-Cohn , lengthscale => 0.1}) , obs space => {obsdatain => {engine => {obsfile => Data/noobs.obt}}} , obs operator => {}})} , local ensemble DA => {solver => LETKF , inflation => {rtps => 0.5 , rtpp => 0.5 , mult => 1.1}} , output => {datadir => Data , date => 2010-01-02T00:00:00Z , exp => letkf.%{member}% , type => an} , test => {reference filename => testoutput/letkf_noobs.test}}]
149: OOPS_STATS ObjectCountHelper started.
149: OOPS_STATS Run start                                - Runtime:      0.03 sec,  Memory: total:    29.76 Mb, per task: min =    29.76 Mb, max =    29.76 Mb
149: Run: Starting oops::LocalEnsembleDA<Lorenz 95, Lorenz 95 Obs>
149: Observation window from 2010-01-01T21:00:00Z to 2010-01-02T03:00:00Z
149: GeometryData: Global tree size = 40, footprint = 2560
149: OOPS_STATS LocalEnsembleDA before solver ctor       - Runtime:     0.07 sec,  Local Memory:    34.20 Mb
149: Multiplicative inflation will be applied with multCoeff=1.1
149: RTPP inflation will be applied with rtppCoeff=0.5
149: RTPS inflation will be applied with rtpsCoeff=0.5
149: Using EIGEN implementation of LETKF
149: Test     : Initial state for member 1:
149: Test     :  Valid time: 2010-01-02T00:00:00Z
149: Test     :  Min=3.5360944731346300e+00, Max=1.1197408772662600e+01, Average=7.9097771698488781e+00
149: Test     : Initial state for member 2:
149: Test     :  Valid time: 2010-01-02T00:00:00Z
149: Test     :  Min=3.7750714660572902e+00, Max=1.1184390839101701e+01, Average=7.7504740680820658e+00
149: Test     : Initial state for member 3:
149: Test     :  Valid time: 2010-01-02T00:00:00Z
149: Test     :  Min=5.3688150613089300e+00, Max=1.0844015150837601e+01, Average=7.8057606908578121e+00
149: Test     : Initial state for member 4:
149: Test     :  Valid time: 2010-01-02T00:00:00Z
149: Test     :  Min=4.1463865178134700e+00, Max=1.1673384864377301e+01, Average=7.7600117472793597e+00
149: Test     : Initial state for member 5:
149: Test     :  Valid time: 2010-01-02T00:00:00Z
149: Test     :  Min=3.1756287528176999e+00, Max=1.0818287765402999e+01, Average=7.6024271099360359e+00
149: OOPS_STATS LocalEnsembleDA before computeHofX       - Runtime:     0.07 sec,  Local Memory:    34.33 Mb
149: Model:forecast: forecast starting: 
149:  Valid time: 2010-01-02T00:00:00Z
149:  Min=3.53609, Max=11.1974, Average=7.90978
149: Model:forecast: forecast finished: 
149:  Valid time: 2010-01-02T00:00:00Z
149:  Min=3.53609, Max=11.1974, Average=7.90978
149: ObsErrorDiag covariance updated 0
149: Observer::finalize QC = Lorenz 95 : No observations
149: Test     : H(x) for member 1:
149: Test     : Lorenz 95 : No observations
149: 
149: Model:forecast: forecast starting: 
149:  Valid time: 2010-01-02T00:00:00Z
149:  Min=3.77507, Max=11.1844, Average=7.75047
149: Model:forecast: forecast finished: 
149:  Valid time: 2010-01-02T00:00:00Z
149:  Min=3.77507, Max=11.1844, Average=7.75047
149: ObsErrorDiag covariance updated 0
149: ObsTable::putdb over-writing ObsBias0
149: Observer::finalize QC = Lorenz 95 : No observations
149: Test     : H(x) for member 2:
149: Test     : Lorenz 95 : No observations
149: 
149: Model:forecast: forecast starting: 
149:  Valid time: 2010-01-02T00:00:00Z
149:  Min=5.36882, Max=10.844, Average=7.80576
149: Model:forecast: forecast finished: 
149:  Valid time: 2010-01-02T00:00:00Z
149:  Min=5.36882, Max=10.844, Average=7.80576
149: ObsErrorDiag covariance updated 0
149: ObsTable::putdb over-writing ObsBias0
149: Observer::finalize QC = Lorenz 95 : No observations
149: Test     : H(x) for member 3:
149: Test     : Lorenz 95 : No observations
149: 
149: Model:forecast: forecast starting: 
149:  Valid time: 2010-01-02T00:00:00Z
149:  Min=4.14639, Max=11.6734, Average=7.76001
149: Model:forecast: forecast finished: 
149:  Valid time: 2010-01-02T00:00:00Z
149:  Min=4.14639, Max=11.6734, Average=7.76001
149: ObsErrorDiag covariance updated 0
149: ObsTable::putdb over-writing ObsBias0
149: Observer::finalize QC = Lorenz 95 : No observations
149: Test     : H(x) for member 4:
149: Test     : Lorenz 95 : No observations
149: 
149: Model:forecast: forecast starting: 
149:  Valid time: 2010-01-02T00:00:00Z
149:  Min=3.17563, Max=10.8183, Average=7.60243
149: Model:forecast: forecast finished: 
149:  Valid time: 2010-01-02T00:00:00Z
149:  Min=3.17563, Max=10.8183, Average=7.60243
149: ObsErrorDiag covariance updated 0
149: ObsTable::putdb over-writing ObsBias0
149: Observer::finalize QC = Lorenz 95 : No observations
149: Test     : H(x) for member 5:
149: Test     : Lorenz 95 : No observations
149: 
149: Model:forecast: forecast starting: 
149:  Valid time: 2010-01-02T00:00:00Z
149:  Min=5.25199, Max=9.50208, Average=7.76569
149: Model:forecast: forecast finished: 
149:  Valid time: 2010-01-02T00:00:00Z
149:  Min=5.25199, Max=9.50208, Average=7.76569
149: ObsErrorDiag covariance updated 0
149: ObsTable::putdb over-writing ObsBias0
149: Observer::finalize QC = Lorenz 95 : No observations
149: ObsTable::putdb over-writing ObsError
149: Test     : H(x) ensemble background mean: 
149: Test     : Lorenz 95 : No observations
149: 
149: Test     : background y - H(x): 
149: Test     : Lorenz 95 : No observations
149: 
149: Test     : Background mean :
149: Test     :  Valid time: 2010-01-02T00:00:00Z
149: Test     :  Min=5.2519885916484164e+00, Max=9.5020752396112176e+00, Average=7.7656901572008321e+00
149: Beginning core local solver...
149: OOPS_STATS LocalEnsembleDA before solver            - Runtime:      0.09 sec,  Memory: total:    34.62 Mb, per task: min =    34.62 Mb, max =    34.62 Mb
149: Local solver completed.
149: OOPS_STATS LocalEnsembleDA after solver             - Runtime:      0.09 sec,  Memory: total:    34.62 Mb, per task: min =    34.62 Mb, max =    34.62 Mb
149: Test     : Analysis mean :
149: Test     :  Valid time: 2010-01-02T00:00:00Z
149: Test     :  Min=5.2519885916484164e+00, Max=9.5020752396112176e+00, Average=7.7656901572008321e+00
149: Model:forecast: forecast starting: 
149:  Valid time: 2010-01-02T00:00:00Z
149:  Min=3.53609, Max=11.1974, Average=7.90978
149: Model:forecast: forecast finished: 
149:  Valid time: 2010-01-02T00:00:00Z
149:  Min=3.53609, Max=11.1974, Average=7.90978
149: ObsErrorDiag covariance updated 0
149: Observer::finalize QC = Lorenz 95 : No observations
149: Test     : H(x) for member 1:
149: Test     : Lorenz 95 : No observations
149: 
149: Model:forecast: forecast starting: 
149:  Valid time: 2010-01-02T00:00:00Z
149:  Min=3.77507, Max=11.1844, Average=7.75047
149: Model:forecast: forecast finished: 
149:  Valid time: 2010-01-02T00:00:00Z
149:  Min=3.77507, Max=11.1844, Average=7.75047
149: ObsErrorDiag covariance updated 0
149: ObsTable::putdb over-writing ObsBias1
149: Observer::finalize QC = Lorenz 95 : No observations
149: Test     : H(x) for member 2:
149: Test     : Lorenz 95 : No observations
149: 
149: Model:forecast: forecast starting: 
149:  Valid time: 2010-01-02T00:00:00Z
149:  Min=5.36882, Max=10.844, Average=7.80576
149: Model:forecast: forecast finished: 
149:  Valid time: 2010-01-02T00:00:00Z
149:  Min=5.36882, Max=10.844, Average=7.80576
149: ObsErrorDiag covariance updated 0
149: ObsTable::putdb over-writing ObsBias1
149: Observer::finalize QC = Lorenz 95 : No observations
149: Test     : H(x) for member 3:
149: Test     : Lorenz 95 : No observations
149: 
149: Model:forecast: forecast starting: 
149:  Valid time: 2010-01-02T00:00:00Z
149:  Min=4.14639, Max=11.6734, Average=7.76001
149: Model:forecast: forecast finished: 
149:  Valid time: 2010-01-02T00:00:00Z
149:  Min=4.14639, Max=11.6734, Average=7.76001
149: ObsErrorDiag covariance updated 0
149: ObsTable::putdb over-writing ObsBias1
149: Observer::finalize QC = Lorenz 95 : No observations
149: Test     : H(x) for member 4:
149: Test     : Lorenz 95 : No observations
149: 
149: Model:forecast: forecast starting: 
149:  Valid time: 2010-01-02T00:00:00Z
149:  Min=3.17563, Max=10.8183, Average=7.60243
149: Model:forecast: forecast finished: 
149:  Valid time: 2010-01-02T00:00:00Z
149:  Min=3.17563, Max=10.8183, Average=7.60243
149: ObsErrorDiag covariance updated 0
149: ObsTable::putdb over-writing ObsBias1
149: Observer::finalize QC = Lorenz 95 : No observations
149: Test     : H(x) for member 5:
149: Test     : Lorenz 95 : No observations
149: 
149: Model:forecast: forecast starting: 
149:  Valid time: 2010-01-02T00:00:00Z
149:  Min=5.25199, Max=9.50208, Average=7.76569
149: Model:forecast: forecast finished: 
149:  Valid time: 2010-01-02T00:00:00Z
149:  Min=5.25199, Max=9.50208, Average=7.76569
149: ObsErrorDiag covariance updated 0
149: ObsTable::putdb over-writing ObsBias1
149: Observer::finalize QC = Lorenz 95 : No observations
149: ObsTable::putdb over-writing ObsError
149: Test     : H(x) ensemble analysis mean: 
149: Test     : Lorenz 95 : No observations
149: 
149: Test     : analysis y - H(x): 
149: Test     : Lorenz 95 : No observations
149: 
149: Test     : ombg RMS: 0.0000000000000000e+00
149: Test     : oman RMS: 0.0000000000000000e+00
149: 
149: Run: Finishing oops::LocalEnsembleDA<Lorenz 95, Lorenz 95 Obs>
149: OOPS_STATS  
149: OOPS_STATS ----------------------------------------------------------------------------------
149: OOPS_STATS --------------------------- Object counts ----------------------------------------
149: OOPS_STATS ----------------------------------------------------------------------------------
149: OOPS_STATS                                      Total  Simult. Remain    Avg (Mb)    HWM (Mb)
149: OOPS_STATS lorenz95::GomL95                :       12       1        
149: OOPS_STATS lorenz95::IncrementL95          :       10      10        
149: OOPS_STATS lorenz95::Iterator              :      124       3        
149: OOPS_STATS lorenz95::LocsL95               :       12       1        
149: OOPS_STATS lorenz95::ModelBias             :       12       1        
149: OOPS_STATS lorenz95::ObsBias               :       12       1        
149: OOPS_STATS lorenz95::ObsData1D             :       36       3        
149: OOPS_STATS lorenz95::ObsTable              :        1       1        
149: OOPS_STATS lorenz95::ObsVec1D              :      129      21        
149: OOPS_STATS lorenz95::ObservationL95        :       12       1        
149: OOPS_STATS lorenz95::StateL95              :       38       9        
149: OOPS_STATS oops::GeoVaLs                   :       12       1        
149: OOPS_STATS oops::Geometry                  :        1       1        
149: OOPS_STATS oops::GeometryIterator          :       82       2        
149: OOPS_STATS oops::GetValues                 :       12       1        
149: OOPS_STATS oops::Increment                 :       10      10                0.00        0.00
149: OOPS_STATS oops::LocalInterpolator         :       12       1        
149: OOPS_STATS oops::Model                     :       12       1        
149: OOPS_STATS oops::ModelAuxControl           :       12       1        
149: OOPS_STATS oops::ObsAuxControl             :       12       1        
149: OOPS_STATS oops::ObsDataVector             :       36       3        
149: OOPS_STATS oops::ObsDiagnostics            :       12       1        
149: OOPS_STATS oops::ObsError                  :       12       2        
149: OOPS_STATS oops::ObsOperator               :       12       1        
149: OOPS_STATS oops::ObsSpace                  :        1       1        
149: OOPS_STATS oops::ObsSpaces                 :        1       1        
149: OOPS_STATS oops::ObsVector                 :      129      21        
149: OOPS_STATS oops::SampledLocations          :       36       3        
149: OOPS_STATS oops::State                     :       38       9                0.00        0.00
149: OOPS_STATS oops::VariableChange            :       12       1        
149: OOPS_STATS ----------------------------- Object counts --------------------------------------
149: OOPS_STATS  
149: OOPS_STATS --------------------------------------------------------------------------------------------
149: OOPS_STATS ------------------------------------ Timing Statistics -------------------------------------
149: OOPS_STATS --------------------------------------------------------------------------------------------
149: OOPS_STATS Name                                                :   total (ms)   count    time/call (ms)
149: OOPS_STATS oops::GeoVaLs::GeoVaLs                              :         0.07      12            0.0056
149: OOPS_STATS oops::GeoVaLs::~GeoVaLs                             :         0.02      12            0.0017
149: OOPS_STATS oops::Geometry::Geometry                            :         1.59       1            1.5863
149: OOPS_STATS oops::Geometry::begin                               :         0.09       1            0.0859
149: OOPS_STATS oops::Geometry::end                                 :         0.03      41            0.0008
149: OOPS_STATS oops::Geometry::latlon                              :         0.28       2            0.1379
149: OOPS_STATS oops::Geometry::variableSizes                       :         0.04      36            0.0011
149: OOPS_STATS oops::Geometry::~Geometry                           :         0.07       1            0.0710
149: OOPS_STATS oops::GeometryData::setGlobalTree                   :         0.28       1            0.2829
149: OOPS_STATS oops::GeometryData::setLocalTree                    :         0.81       1            0.8102
149: OOPS_STATS oops::GeometryIterator::GeometryIterator            :         0.01      82            0.0001
149: OOPS_STATS oops::GeometryIterator::operator!=                  :         0.02      41            0.0005
149: OOPS_STATS oops::GeometryIterator::operator++                  :         0.03      40            0.0007
149: OOPS_STATS oops::GeometryIterator::~GeometryIterator           :         0.02      82            0.0003
149: OOPS_STATS oops::GetValues::GetValues                          :         0.58      12            0.0484
149: OOPS_STATS oops::GetValues::fillGeoVaLs                        :         0.00      12            0.0003
149: OOPS_STATS oops::GetValues::finalize                           :         0.00      12            0.0003
149: OOPS_STATS oops::GetValues::process                            :         1.08      12            0.0901
149: OOPS_STATS oops::Increment::Increment                          :         0.27      10            0.0270
149: OOPS_STATS oops::Increment::diff                               :         0.22       5            0.0431
149: OOPS_STATS oops::Increment::getLocal                           :         0.25     200            0.0012
149: OOPS_STATS oops::Increment::operator+=(State, Increment)       :         0.05       5            0.0103
149: OOPS_STATS oops::Increment::setLocal                           :         0.03     200            0.0002
149: OOPS_STATS oops::Increment::~Increment                         :         0.05      10            0.0053
149: OOPS_STATS oops::LETKFSolver::measurementUpdate                :         1.69      40            0.0422
149: OOPS_STATS oops::LocalEnsembleSolver::computeHofX              :        18.88       2            9.4395
149: OOPS_STATS oops::LocalInterpolator::LocalInterpolator          :         0.06      12            0.0054
149: OOPS_STATS oops::LocalInterpolator::apply                      :         0.88      12            0.0732
149: OOPS_STATS oops::LocalInterpolator::~LocalInterpolator         :         0.02      12            0.0013
149: OOPS_STATS oops::Model::finalize                               :         0.01      12            0.0010
149: OOPS_STATS oops::Model::initialize                             :         0.36      12            0.0302
149: OOPS_STATS oops::Model::~Model                                 :         0.01      12            0.0005
149: OOPS_STATS oops::ModelAuxControl::ModelAuxControl              :         0.06      12            0.0048
149: OOPS_STATS oops::ModelAuxControl::~ModelAuxControl             :         0.00      12            0.0002
149: OOPS_STATS oops::ObsAuxControl::ObsAuxControl                  :         0.15      12            0.0127
149: OOPS_STATS oops::ObsAuxControl::requiredHdiagnostics           :         0.00      12            0.0002
149: OOPS_STATS oops::ObsAuxControl::requiredVars                   :         0.00      24            0.0001
149: OOPS_STATS oops::ObsAuxControl::~ObsAuxControl                 :         0.01      12            0.0005
149: OOPS_STATS oops::ObsDataVector::ObsDataVector                  :         0.18      36            0.0051
149: OOPS_STATS oops::ObsDataVector::mask                           :         0.01      12            0.0011
149: OOPS_STATS oops::ObsDataVector::operator=                      :         0.04      36            0.0011
149: OOPS_STATS oops::ObsDataVector::print                          :         0.11      12            0.0094
149: OOPS_STATS oops::ObsDataVector::save                           :         0.10       4            0.0247
149: OOPS_STATS oops::ObsDataVector::~ObsDataVector                 :         0.03      36            0.0009
149: OOPS_STATS oops::ObsDiagnostics::ObsDiagnostics                :         0.00      12            0.0002
149: OOPS_STATS oops::ObsDiagnostics::~ObsDiagnostics               :         0.00      12            0.0002
149: OOPS_STATS oops::ObsError::ObsErrors                           :         0.60      12            0.0498
149: OOPS_STATS oops::ObsError::inverseVariance                     :         0.00       2            0.0011
149: OOPS_STATS oops::ObsError::obserrors                           :         0.09      12            0.0078
149: OOPS_STATS oops::ObsError::save                                :         0.03       2            0.0148
149: OOPS_STATS oops::ObsError::update                              :         0.11      12            0.0093
149: OOPS_STATS oops::ObsError::~ObsError                           :         0.05      12            0.0040
149: OOPS_STATS oops::ObsOperator::Lorenz 95::ObsOperator           :         0.06      12            0.0054
149: OOPS_STATS oops::ObsOperator::Lorenz 95::computeReducedVars    :         0.00      12            0.0001
149: OOPS_STATS oops::ObsOperator::Lorenz 95::locations             :         0.32      12            0.0267
149: OOPS_STATS oops::ObsOperator::Lorenz 95::requiredVars          :         0.00      12            0.0001
149: OOPS_STATS oops::ObsOperator::Lorenz 95::simulateObs           :         0.06      12            0.0047
149: OOPS_STATS oops::ObsOperator::Lorenz 95::~ObsOperator          :         0.04      12            0.0034
149: OOPS_STATS oops::ObsSpace::ObsSpace                            :         1.06       1            1.0590
149: OOPS_STATS oops::ObsSpace::obsvariables                        :         0.00      24            0.0001
149: OOPS_STATS oops::ObsSpace::save                                :         0.01       1            0.0089
149: OOPS_STATS oops::ObsSpace::~ObsSpace                           :         0.08       1            0.0842
149: OOPS_STATS oops::ObsVector::ObsVector                          :         0.19     129            0.0015
149: OOPS_STATS oops::ObsVector::invert                             :         0.02      24            0.0007
149: OOPS_STATS oops::ObsVector::mask(ObsVector)                    :         0.04      64            0.0006
149: OOPS_STATS oops::ObsVector::ones                               :         0.02      80            0.0002
149: OOPS_STATS oops::ObsVector::operator*=                         :         0.04      26            0.0015
149: OOPS_STATS oops::ObsVector::operator+=                         :         0.03      10            0.0032
149: OOPS_STATS oops::ObsVector::operator-=                         :         0.03      14            0.0022
149: OOPS_STATS oops::ObsVector::operator=                          :         0.11      64            0.0017
149: OOPS_STATS oops::ObsVector::packEigen                          :         0.03      40            0.0008
149: OOPS_STATS oops::ObsVector::packEigenSize                      :         0.04      40            0.0010
149: OOPS_STATS oops::ObsVector::save                               :         0.15      28            0.0055
149: OOPS_STATS oops::ObsVector::zero                               :         0.01      14            0.0009
149: OOPS_STATS oops::ObsVector::~ObsVector                         :         0.01     129            0.0001
149: OOPS_STATS oops::Parameters::deserialize                       :         3.63      57            0.0636
149: OOPS_STATS oops::Parameters::serialize                         :         0.23      30            0.0077
149: OOPS_STATS oops::Parameters::validate                          :        26.56      19            1.3979
149: OOPS_STATS oops::SampledLocations::SampledLocations            :         0.01      24            0.0003
149: OOPS_STATS oops::SampledLocations::latitudes                   :         0.00      12            0.0001
149: OOPS_STATS oops::SampledLocations::longitudes                  :         0.00      12            0.0001
149: OOPS_STATS oops::SampledLocations::times                       :         0.00      12            0.0001
149: OOPS_STATS oops::SampledLocations::~SampledLocations           :         0.03      36            0.0008
149: OOPS_STATS oops::State::State                                  :         2.57      38            0.0676
149: OOPS_STATS oops::State::accumul                                :         0.04      10            0.0036
149: OOPS_STATS oops::State::operator=                              :         0.12      17            0.0072
149: OOPS_STATS oops::State::print                                  :         0.57      31            0.0183
149: OOPS_STATS oops::State::toFieldSet                             :         0.52      12            0.0435
149: OOPS_STATS oops::State::variables                              :         0.00       1            0.0005
149: OOPS_STATS oops::State::write                                  :         2.20       5            0.4390
149: OOPS_STATS oops::State::zero                                   :         0.05       2            0.0270
149: OOPS_STATS oops::State::~State                                 :         0.39      38            0.0101
149: OOPS_STATS oops::VariableChange::VariableChange                :         0.00      12            0.0002
149: OOPS_STATS oops::VariableChange::changeVar                     :         0.00      12            0.0002
149: OOPS_STATS oops::VariableChange::~VariableChange               :         0.01      12            0.0005
149: OOPS_STATS util::Timers::Total                                 :        74.79       1           74.7869
149: OOPS_STATS util::Timers::measured                              :        59.31       1           59.3135
149: OOPS_STATS ------------------------------------ Timing Statistics -------------------------------------
149: 
149: OOPS_STATS ------------------------------------------------------------------------------------------------------------------
149: OOPS_STATS ---------------------------------- Parallel Timing Statistics (   1 MPI tasks) -----------------------------------
149: OOPS_STATS ------------------------------------------------------------------------------------------------------------------
149: OOPS_STATS Name                                                :     min (ms)    max (ms)    avg (ms)     % total   imbal (%)
149: OOPS_STATS oops::Geometry::Geometry                            :         1.59        1.59        1.59        2.12        0.00
149: OOPS_STATS oops::Geometry::begin                               :         0.09        0.09        0.09        0.11        0.00
149: OOPS_STATS oops::Geometry::latlon                              :         0.28        0.28        0.28        0.37        0.00
149: OOPS_STATS oops::GeometryData::setGlobalTree                   :         0.28        0.28        0.28        0.38        0.00
149: OOPS_STATS oops::GeometryData::setLocalTree                    :         0.81        0.81        0.81        1.08        0.00
149: OOPS_STATS oops::GetValues::GetValues                          :         0.58        0.58        0.58        0.78        0.00
149: OOPS_STATS oops::GetValues::process                            :         1.08        1.08        1.08        1.45        0.00
149: OOPS_STATS oops::Increment::Increment                          :         0.27        0.27        0.27        0.36        0.00
149: OOPS_STATS oops::Increment::diff                               :         0.22        0.22        0.22        0.29        0.00
149: OOPS_STATS oops::Increment::getLocal                           :         0.25        0.25        0.25        0.33        0.00
149: OOPS_STATS oops::LETKFSolver::measurementUpdate                :         1.69        1.69        1.69        2.26        0.00
149: OOPS_STATS oops::LocalEnsembleSolver::computeHofX              :        18.88       18.88       18.88       25.24        0.00
149: OOPS_STATS oops::LocalInterpolator::apply                      :         0.88        0.88        0.88        1.17        0.00
149: OOPS_STATS oops::Model::initialize                             :         0.36        0.36        0.36        0.48        0.00
149: OOPS_STATS oops::ObsAuxControl::ObsAuxControl                  :         0.15        0.15        0.15        0.20        0.00
149: OOPS_STATS oops::ObsDataVector::ObsDataVector                  :         0.18        0.18        0.18        0.25        0.00
149: OOPS_STATS oops::ObsDataVector::print                          :         0.11        0.11        0.11        0.15        0.00
149: OOPS_STATS oops::ObsDataVector::save                           :         0.10        0.10        0.10        0.13        0.00
149: OOPS_STATS oops::ObsError::ObsErrors                           :         0.60        0.60        0.60        0.80        0.00
149: OOPS_STATS oops::ObsError::obserrors                           :         0.09        0.09        0.09        0.13        0.00
149: OOPS_STATS oops::ObsError::update                              :         0.11        0.11        0.11        0.15        0.00
149: OOPS_STATS oops::ObsOperator::Lorenz 95::locations             :         0.32        0.32        0.32        0.43        0.00
149: OOPS_STATS oops::ObsSpace::ObsSpace                            :         1.06        1.06        1.06        1.42        0.00
149: OOPS_STATS oops::ObsSpace::~ObsSpace                           :         0.08        0.08        0.08        0.11        0.00
149: OOPS_STATS oops::ObsVector::ObsVector                          :         0.19        0.19        0.19        0.25        0.00
149: OOPS_STATS oops::ObsVector::operator=                          :         0.11        0.11        0.11        0.15        0.00
149: OOPS_STATS oops::ObsVector::save                               :         0.15        0.15        0.15        0.21        0.00
149: OOPS_STATS oops::Parameters::deserialize                       :         3.63        3.63        3.63        4.85        0.00
149: OOPS_STATS oops::Parameters::serialize                         :         0.23        0.23        0.23        0.31        0.00
149: OOPS_STATS oops::Parameters::validate                          :        26.56       26.56       26.56       35.51        0.00
149: OOPS_STATS oops::State::State                                  :         2.57        2.57        2.57        3.43        0.00
149: OOPS_STATS oops::State::operator=                              :         0.12        0.12        0.12        0.16        0.00
149: OOPS_STATS oops::State::print                                  :         0.57        0.57        0.57        0.76        0.00
149: OOPS_STATS oops::State::toFieldSet                             :         0.52        0.52        0.52        0.70        0.00
149: OOPS_STATS oops::State::write                                  :         2.20        2.20        2.20        2.94        0.00
149: OOPS_STATS oops::State::~State                                 :         0.39        0.39        0.39        0.52        0.00
149: OOPS_STATS util::Timers::Total                                 :        74.79       74.79       74.79      100.00        0.00
149: OOPS_STATS util::Timers::measured                              :        59.31       59.31       59.31       79.31        0.00
149: OOPS_STATS ---------------------------------- Parallel Timing Statistics (   1 MPI tasks) -----------------------------------
149: 
149: OOPS_STATS Run end                                  - Runtime:      0.10 sec,  Memory: total:    34.62 Mb, per task: min =    34.62 Mb, max =    34.62 Mb
149: Run: Finishing oops::LocalEnsembleDA<Lorenz 95, Lorenz 95 Obs> with status = 0
149: [TestReference] Comparison is done
149: OOPS Ending   2024-12-03 22:49:23 (UTC+0000)
2/4 Test #149: test_l95_letkf_noobs .............   Passed    0.17 sec
test 150
    Start 150: test_l95_letkf_qc

150: Test command: /home/nonroot/shared/oops/build/bin/l95_letkf.x "testinput/letkf_qc.yaml"
150: Environment variables: 
150:  OMP_NUM_THREADS=1
150: Test timeout computed to be: 1500
150: Configuration input file is: testinput/letkf_qc.yaml
150: OOPS Starting 2024-12-03 22:49:23 (UTC+0000)
150: [TestReference] Comparing to reference file: testoutput/letkf_qc.test
150: Relative float tolerance for tests : 1e-06
150: Absolute float tolerance for tests : 0
150: Full configuration is:YAMLConfiguration[path=testinput/letkf_qc.yaml, root={window begin => 2010-01-01T21:00:00Z , window length => PT6H , geometry => {resol => 40} , background => {members from template => {template => {date => 2010-01-02T00:00:00Z , filename => Data/forecast.ens.%mem%.2010-01-01T00:00:00Z.P1D.l95} , pattern => %mem% , nmembers => 5}} , driver => {update obs config with geometry info => false} , observations => {observers => ({obs error => {covariance model => diagonal} , obs localizations => ({localization method => Gaspari-Cohn , lengthscale => 0.1}) , obs space => {obsdatain => {engine => {obsfile => Data/truth3d.2010-01-02T00:00:00Z.obt}}} , obs operator => {} , obs filters => ({filter => Background Check , threshold => 3})})} , local ensemble DA => {solver => LETKF , inflation => {rtps => 0.5 , rtpp => 0.5 , mult => 1.1}} , output => {datadir => Data , date => 2010-01-02T00:00:00Z , exp => letkf.%{member}% , type => an} , test => {reference filename => testoutput/letkf_qc.test}}]
150: OOPS_STATS ObjectCountHelper started.
150: OOPS_STATS Run start                                - Runtime:      0.03 sec,  Memory: total:    29.76 Mb, per task: min =    29.76 Mb, max =    29.76 Mb
150: Run: Starting oops::LocalEnsembleDA<Lorenz 95, Lorenz 95 Obs>
150: Observation window from 2010-01-01T21:00:00Z to 2010-01-02T03:00:00Z
150: GeometryData: Global tree size = 40, footprint = 2560
150: OOPS_STATS LocalEnsembleDA before solver ctor       - Runtime:     0.07 sec,  Local Memory:    34.20 Mb
150: Multiplicative inflation will be applied with multCoeff=1.1
150: RTPP inflation will be applied with rtppCoeff=0.5
150: RTPS inflation will be applied with rtpsCoeff=0.5
150: Using EIGEN implementation of LETKF
150: Test     : Initial state for member 1:
150: Test     :  Valid time: 2010-01-02T00:00:00Z
150: Test     :  Min=3.5360944731346300e+00, Max=1.1197408772662600e+01, Average=7.9097771698488781e+00
150: Test     : Initial state for member 2:
150: Test     :  Valid time: 2010-01-02T00:00:00Z
150: Test     :  Min=3.7750714660572902e+00, Max=1.1184390839101701e+01, Average=7.7504740680820658e+00
150: Test     : Initial state for member 3:
150: Test     :  Valid time: 2010-01-02T00:00:00Z
150: Test     :  Min=5.3688150613089300e+00, Max=1.0844015150837601e+01, Average=7.8057606908578121e+00
150: Test     : Initial state for member 4:
150: Test     :  Valid time: 2010-01-02T00:00:00Z
150: Test     :  Min=4.1463865178134700e+00, Max=1.1673384864377301e+01, Average=7.7600117472793597e+00
150: Test     : Initial state for member 5:
150: Test     :  Valid time: 2010-01-02T00:00:00Z
150: Test     :  Min=3.1756287528176999e+00, Max=1.0818287765402999e+01, Average=7.6024271099360359e+00
150: OOPS_STATS LocalEnsembleDA before computeHofX       - Runtime:     0.08 sec,  Local Memory:    34.33 Mb
150: Model:forecast: forecast starting: 
150:  Valid time: 2010-01-02T00:00:00Z
150:  Min=3.53609, Max=11.1974, Average=7.90978
150: Model:forecast: forecast finished: 
150:  Valid time: 2010-01-02T00:00:00Z
150:  Min=3.53609, Max=11.1974, Average=7.90978
150: BackgroundCheck::postFilter rejected = 6, inflated = 0
150: ObsErrorDiag covariance updated 114
150: Observer::finalize QC = Lorenz 95 nobs= 120 Min=0, Max=1, Average=0
150: Test     : H(x) for member 1:
150: Test     : Lorenz 95 nobs= 120 Min=3.5360944731346300e+00, Max=1.1197408772662600e+01, Average=7.9097771698488808e+00
150: 
150: Model:forecast: forecast starting: 
150:  Valid time: 2010-01-02T00:00:00Z
150:  Min=3.77507, Max=11.1844, Average=7.75047
150: Model:forecast: forecast finished: 
150:  Valid time: 2010-01-02T00:00:00Z
150:  Min=3.77507, Max=11.1844, Average=7.75047
150: BackgroundCheck::postFilter rejected = 15, inflated = 0
150: ObsErrorDiag covariance updated 105
150: ObsTable::putdb over-writing ObsBias0
150: Observer::finalize QC = Lorenz 95 nobs= 120 Min=0, Max=1, Average=0
150: Test     : H(x) for member 2:
150: Test     : Lorenz 95 nobs= 120 Min=3.7750714660572902e+00, Max=1.1184390839101701e+01, Average=7.7504740680820694e+00
150: 
150: Model:forecast: forecast starting: 
150:  Valid time: 2010-01-02T00:00:00Z
150:  Min=5.36882, Max=10.844, Average=7.80576
150: Model:forecast: forecast finished: 
150:  Valid time: 2010-01-02T00:00:00Z
150:  Min=5.36882, Max=10.844, Average=7.80576
150: BackgroundCheck::postFilter rejected = 0, inflated = 0
150: ObsErrorDiag covariance updated 120
150: ObsTable::putdb over-writing ObsBias0
150: Observer::finalize QC = Lorenz 95 nobs= 120 Min=0, Max=0, Average=0
150: Test     : H(x) for member 3:
150: Test     : Lorenz 95 nobs= 120 Min=5.3688150613089300e+00, Max=1.0844015150837601e+01, Average=7.8057606908578174e+00
150: 
150: Model:forecast: forecast starting: 
150:  Valid time: 2010-01-02T00:00:00Z
150:  Min=4.14639, Max=11.6734, Average=7.76001
150: Model:forecast: forecast finished: 
150:  Valid time: 2010-01-02T00:00:00Z
150:  Min=4.14639, Max=11.6734, Average=7.76001
150: BackgroundCheck::postFilter rejected = 5, inflated = 0
150: ObsErrorDiag covariance updated 115
150: ObsTable::putdb over-writing ObsBias0
150: Observer::finalize QC = Lorenz 95 nobs= 120 Min=0, Max=1, Average=0
150: Test     : H(x) for member 4:
150: Test     : Lorenz 95 nobs= 120 Min=4.1463865178134700e+00, Max=1.1673384864377301e+01, Average=7.7600117472793606e+00
150: 
150: Model:forecast: forecast starting: 
150:  Valid time: 2010-01-02T00:00:00Z
150:  Min=3.17563, Max=10.8183, Average=7.60243
150: Model:forecast: forecast finished: 
150:  Valid time: 2010-01-02T00:00:00Z
150:  Min=3.17563, Max=10.8183, Average=7.60243
150: BackgroundCheck::postFilter rejected = 6, inflated = 0
150: ObsErrorDiag covariance updated 114
150: ObsTable::putdb over-writing ObsBias0
150: Observer::finalize QC = Lorenz 95 nobs= 120 Min=0, Max=1, Average=0
150: Test     : H(x) for member 5:
150: Test     : Lorenz 95 nobs= 120 Min=3.1756287528176999e+00, Max=1.0818287765402999e+01, Average=7.6024271099360394e+00
150: 
150: Model:forecast: forecast starting: 
150:  Valid time: 2010-01-02T00:00:00Z
150:  Min=5.25199, Max=9.50208, Average=7.76569
150: Model:forecast: forecast finished: 
150:  Valid time: 2010-01-02T00:00:00Z
150:  Min=5.25199, Max=9.50208, Average=7.76569
150: BackgroundCheck::postFilter rejected = 0, inflated = 0
150: ObsErrorDiag covariance updated 120
150: ObsTable::putdb over-writing ObsBias0
150: Observer::finalize QC = Lorenz 95 nobs= 120 Min=0, Max=0, Average=0
150: ObsTable::putdb over-writing ObsError
150: Test     : H(x) ensemble background mean: 
150: Test     : Lorenz 95 nobs= 120 Min=5.2519885916484164e+00, Max=9.5020752396112194e+00, Average=7.7656901572008303e+00
150: 
150: Test     : background y - H(x): 
150: Test     : Lorenz 95 nobs= 120 Min=-1.4837852396112190e+00, Max=2.7440514083515835e+00, Average=2.4570017613250186e-01
150: 
150: Test     : Background mean :
150: Test     :  Valid time: 2010-01-02T00:00:00Z
150: Test     :  Min=5.2519885916484164e+00, Max=9.5020752396112176e+00, Average=7.7656901572008321e+00
150: Beginning core local solver...
150: OOPS_STATS LocalEnsembleDA before solver            - Runtime:      0.10 sec,  Memory: total:    34.78 Mb, per task: min =    34.78 Mb, max =    34.78 Mb
150: Local solver completed.
150: OOPS_STATS LocalEnsembleDA after solver             - Runtime:      0.11 sec,  Memory: total:    34.78 Mb, per task: min =    34.78 Mb, max =    34.78 Mb
150: Test     : Analysis mean :
150: Test     :  Valid time: 2010-01-02T00:00:00Z
150: Test     :  Min=6.7304419255861516e+00, Max=9.1900216868057516e+00, Average=7.9883186215836215e+00
150: Model:forecast: forecast starting: 
150:  Valid time: 2010-01-02T00:00:00Z
150:  Min=6.31712, Max=10.1291, Average=8.09746
150: Model:forecast: forecast finished: 
150:  Valid time: 2010-01-02T00:00:00Z
150:  Min=6.31712, Max=10.1291, Average=8.09746
150: ObsErrorDiag covariance updated 120
150: Observer::finalize QC = Lorenz 95 nobs= 120 Min=0, Max=0, Average=0
150: Test     : H(x) for member 1:
150: Test     : Lorenz 95 nobs= 120 Min=6.3171216804566708e+00, Max=1.0129110758870260e+01, Average=8.0974626321653727e+00
150: 
150: Model:forecast: forecast starting: 
150:  Valid time: 2010-01-02T00:00:00Z
150:  Min=5.53728, Max=9.94295, Average=7.97522
150: Model:forecast: forecast finished: 
150:  Valid time: 2010-01-02T00:00:00Z
150:  Min=5.53728, Max=9.94295, Average=7.97522
150: ObsErrorDiag covariance updated 120
150: ObsTable::putdb over-writing ObsBias1
150: Observer::finalize QC = Lorenz 95 nobs= 120 Min=0, Max=0, Average=0
150: Test     : H(x) for member 2:
150: Test     : Lorenz 95 nobs= 120 Min=5.5372774149107276e+00, Max=9.9429464772833054e+00, Average=7.9752181974877683e+00
150: 
150: Model:forecast: forecast starting: 
150:  Valid time: 2010-01-02T00:00:00Z
150:  Min=5.98634, Max=10.5924, Average=8.01708
150: Model:forecast: forecast finished: 
150:  Valid time: 2010-01-02T00:00:00Z
150:  Min=5.98634, Max=10.5924, Average=8.01708
150: ObsErrorDiag covariance updated 120
150: ObsTable::putdb over-writing ObsBias1
150: Observer::finalize QC = Lorenz 95 nobs= 120 Min=0, Max=0, Average=0
150: Test     : H(x) for member 3:
150: Test     : Lorenz 95 nobs= 120 Min=5.9863385719235227e+00, Max=1.0592448741901793e+01, Average=8.0170750609491073e+00
150: 
150: Model:forecast: forecast starting: 
150:  Valid time: 2010-01-02T00:00:00Z
150:  Min=4.57542, Max=11.5295, Average=7.98557
150: Model:forecast: forecast finished: 
150:  Valid time: 2010-01-02T00:00:00Z
150:  Min=4.57542, Max=11.5295, Average=7.98557
150: ObsErrorDiag covariance updated 120
150: ObsTable::putdb over-writing ObsBias1
150: Observer::finalize QC = Lorenz 95 nobs= 120 Min=0, Max=0, Average=0
150: Test     : H(x) for member 4:
150: Test     : Lorenz 95 nobs= 120 Min=4.5754170937307954e+00, Max=1.1529525198917629e+01, Average=7.9855706599514216e+00
150: 
150: Model:forecast: forecast starting: 
150:  Valid time: 2010-01-02T00:00:00Z
150:  Min=5.01152, Max=9.81763, Average=7.86627
150: Model:forecast: forecast finished: 
150:  Valid time: 2010-01-02T00:00:00Z
150:  Min=5.01152, Max=9.81763, Average=7.86627
150: ObsErrorDiag covariance updated 120
150: ObsTable::putdb over-writing ObsBias1
150: Observer::finalize QC = Lorenz 95 nobs= 120 Min=0, Max=0, Average=0
150: Test     : H(x) for member 5:
150: Test     : Lorenz 95 nobs= 120 Min=5.0115186905000044e+00, Max=9.8176333734335017e+00, Average=7.8662665573644404e+00
150: 
150: Model:forecast: forecast starting: 
150:  Valid time: 2010-01-02T00:00:00Z
150:  Min=5.25199, Max=9.50208, Average=7.76569
150: Model:forecast: forecast finished: 
150:  Valid time: 2010-01-02T00:00:00Z
150:  Min=5.25199, Max=9.50208, Average=7.76569
150: ObsErrorDiag covariance updated 120
150: ObsTable::putdb over-writing ObsBias1
150: Observer::finalize QC = Lorenz 95 nobs= 120 Min=0, Max=0, Average=0
150: ObsTable::putdb over-writing ObsError
150: Test     : H(x) ensemble analysis mean: 
150: Test     : Lorenz 95 nobs= 120 Min=6.7304419255861525e+00, Max=9.1900216868057498e+00, Average=7.9883186215836206e+00
150: 
150: Test     : analysis y - H(x): 
150: Test     : Lorenz 95 nobs= 120 Min=-2.6570251302323200e-01, Max=4.4146356731631986e-01, Average=2.3071711749710878e-02
150: 
150: Test     : ombg RMS: 8.6409563643508913e-01
150: Test     : oman RMS: 1.4632156767719048e-01
150: 
150: Run: Finishing oops::LocalEnsembleDA<Lorenz 95, Lorenz 95 Obs>
150: OOPS_STATS  
150: OOPS_STATS ----------------------------------------------------------------------------------
150: OOPS_STATS --------------------------- Object counts ----------------------------------------
150: OOPS_STATS ----------------------------------------------------------------------------------
150: OOPS_STATS                                      Total  Simult. Remain    Avg (Mb)    HWM (Mb)
150: OOPS_STATS lorenz95::GomL95                :       12       1        
150: OOPS_STATS lorenz95::IncrementL95          :       10      10        
150: OOPS_STATS lorenz95::Iterator              :      124       3        
150: OOPS_STATS lorenz95::LocsL95               :       12       1        
150: OOPS_STATS lorenz95::ModelBias             :       12       1        
150: OOPS_STATS lorenz95::ObsBias               :       12       1        
150: OOPS_STATS lorenz95::ObsData1D             :       36       3        
150: OOPS_STATS lorenz95::ObsTable              :        1       1        
150: OOPS_STATS lorenz95::ObsVec1D              :      129      21        
150: OOPS_STATS lorenz95::ObservationL95        :       12       1        
150: OOPS_STATS lorenz95::StateL95              :       38       9        
150: OOPS_STATS oops::GeoVaLs                   :       12       1        
150: OOPS_STATS oops::Geometry                  :        1       1        
150: OOPS_STATS oops::GeometryIterator          :       82       2        
150: OOPS_STATS oops::GetValues                 :       12       1        
150: OOPS_STATS oops::Increment                 :       10      10                0.00        0.00
150: OOPS_STATS oops::LocalInterpolator         :       12       1        
150: OOPS_STATS oops::Model                     :       12       1        
150: OOPS_STATS oops::ModelAuxControl           :       12       1        
150: OOPS_STATS oops::ObsAuxControl             :       12       1        
150: OOPS_STATS oops::ObsDataVector             :       36       3        
150: OOPS_STATS oops::ObsDiagnostics            :       12       1        
150: OOPS_STATS oops::ObsError                  :       12       2        
150: OOPS_STATS oops::ObsFilter                 :       54       5        
150: OOPS_STATS oops::ObsOperator               :       12       1        
150: OOPS_STATS oops::ObsSpace                  :        1       1                2.15        2.15
150: OOPS_STATS oops::ObsSpaces                 :        1       1        
150: OOPS_STATS oops::ObsVector                 :      129      21                0.00        0.02
150: OOPS_STATS oops::SampledLocations          :       36       3        
150: OOPS_STATS oops::State                     :       38       9                0.00        0.00
150: OOPS_STATS oops::VariableChange            :       12       1        
150: OOPS_STATS ----------------------------- Object counts --------------------------------------
150: OOPS_STATS  
150: OOPS_STATS --------------------------------------------------------------------------------------------
150: OOPS_STATS ------------------------------------ Timing Statistics -------------------------------------
150: OOPS_STATS --------------------------------------------------------------------------------------------
150: OOPS_STATS Name                                                :   total (ms)   count    time/call (ms)
150: OOPS_STATS oops::GeoVaLs::GeoVaLs                              :         0.06      12            0.0053
150: OOPS_STATS oops::GeoVaLs::fill                                 :         0.04      12            0.0029
150: OOPS_STATS oops::GeoVaLs::~GeoVaLs                             :         0.03      12            0.0022
150: OOPS_STATS oops::Geometry::Geometry                            :         1.71       1            1.7138
150: OOPS_STATS oops::Geometry::begin                               :         0.10       1            0.1022
150: OOPS_STATS oops::Geometry::end                                 :         0.06      41            0.0014
150: OOPS_STATS oops::Geometry::latlon                              :         0.35       2            0.1760
150: OOPS_STATS oops::Geometry::variableSizes                       :         0.04      36            0.0011
150: OOPS_STATS oops::Geometry::~Geometry                           :         0.11       1            0.1118
150: OOPS_STATS oops::GeometryData::setGlobalTree                   :         0.21       1            0.2147
150: OOPS_STATS oops::GeometryData::setLocalTree                    :         0.83       1            0.8264
150: OOPS_STATS oops::GeometryIterator::GeometryIterator            :         0.02      82            0.0003
150: OOPS_STATS oops::GeometryIterator::operator!=                  :         0.01      41            0.0003
150: OOPS_STATS oops::GeometryIterator::operator++                  :         0.05      40            0.0013
150: OOPS_STATS oops::GeometryIterator::~GeometryIterator           :         0.02      82            0.0003
150: OOPS_STATS oops::GetValues::GetValues                          :         1.27      12            0.1058
150: OOPS_STATS oops::GetValues::fillGeoVaLs                        :         0.52      12            0.0432
150: OOPS_STATS oops::GetValues::finalize                           :         0.56      12            0.0465
150: OOPS_STATS oops::GetValues::process                            :         1.13      12            0.0945
150: OOPS_STATS oops::Increment::Increment                          :         0.05      10            0.0048
150: OOPS_STATS oops::Increment::diff                               :         0.11       5            0.0216
150: OOPS_STATS oops::Increment::getLocal                           :         0.46     320            0.0014
150: OOPS_STATS oops::Increment::operator+=(State, Increment)       :         0.07       5            0.0130
150: OOPS_STATS oops::Increment::setLocal                           :         0.06     200            0.0003
150: OOPS_STATS oops::Increment::~Increment                         :         0.06      10            0.0061
150: OOPS_STATS oops::LETKFSolver::applyWeights                     :         1.89      40            0.0472
150: OOPS_STATS oops::LETKFSolver::computeWeights                   :         3.68      40            0.0920
150: OOPS_STATS oops::LETKFSolver::measurementUpdate                :         7.96      40            0.1989
150: OOPS_STATS oops::LocalEnsembleSolver::computeHofX              :        24.83       2           12.4143
150: OOPS_STATS oops::LocalInterpolator::LocalInterpolator          :         0.10      12            0.0081
150: OOPS_STATS oops::LocalInterpolator::apply                      :         0.82      12            0.0681
150: OOPS_STATS oops::LocalInterpolator::~LocalInterpolator         :         0.06      12            0.0049
150: OOPS_STATS oops::Model::finalize                               :         0.01      12            0.0010
150: OOPS_STATS oops::Model::initialize                             :         0.27      12            0.0226
150: OOPS_STATS oops::Model::~Model                                 :         0.01      12            0.0006
150: OOPS_STATS oops::ModelAuxControl::ModelAuxControl              :         0.08      12            0.0066
150: OOPS_STATS oops::ModelAuxControl::~ModelAuxControl             :         0.00      12            0.0002
150: OOPS_STATS oops::ObsAuxControl::ObsAuxControl                  :         0.26      12            0.0214
150: OOPS_STATS oops::ObsAuxControl::requiredHdiagnostics           :         0.00      12            0.0002
150: OOPS_STATS oops::ObsAuxControl::requiredVars                   :         0.00      24            0.0001
150: OOPS_STATS oops::ObsAuxControl::~ObsAuxControl                 :         0.03      12            0.0029
150: OOPS_STATS oops::ObsDataVector::ObsDataVector                  :         0.10      36            0.0028
150: OOPS_STATS oops::ObsDataVector::mask                           :         0.01      12            0.0006
150: OOPS_STATS oops::ObsDataVector::operator=                      :         0.04      36            0.0012
150: OOPS_STATS oops::ObsDataVector::print                          :         0.11      12            0.0088
150: OOPS_STATS oops::ObsDataVector::save                           :         0.11       4            0.0276
150: OOPS_STATS oops::ObsDataVector::~ObsDataVector                 :         0.05      36            0.0014
150: OOPS_STATS oops::ObsDiagnostics::ObsDiagnostics                :         0.00      12            0.0002
150: OOPS_STATS oops::ObsDiagnostics::~ObsDiagnostics               :         0.00      12            0.0003
150: OOPS_STATS oops::ObsError::ObsErrors                           :         0.60      12            0.0499
150: OOPS_STATS oops::ObsError::inverseVariance                     :         0.00       2            0.0012
150: OOPS_STATS oops::ObsError::obserrors                           :         0.19      12            0.0156
150: OOPS_STATS oops::ObsError::save                                :         0.03       2            0.0136
150: OOPS_STATS oops::ObsError::update                              :         0.21      12            0.0178
150: OOPS_STATS oops::ObsError::~ObsError                           :         0.05      12            0.0044
150: OOPS_STATS oops::ObsFilter::Background Check::ObsFilter        :         0.12       6            0.0203
150: OOPS_STATS oops::ObsFilter::Background Check::postFilter       :         0.13       6            0.0211
150: OOPS_STATS oops::ObsFilter::Background Check::preProcess       :         0.00       6            0.0004
150: OOPS_STATS oops::ObsFilter::Background Check::priorFilter      :         0.00       6            0.0001
150: OOPS_STATS oops::ObsFilter::Final Check::ObsFilter             :         0.03      12            0.0025
150: OOPS_STATS oops::ObsFilter::Final Check::postFilter            :         0.02      12            0.0020
150: OOPS_STATS oops::ObsFilter::Final Check::preProcess            :         0.00      12            0.0003
150: OOPS_STATS oops::ObsFilter::Final Check::priorFilter           :         0.00      12            0.0003
150: OOPS_STATS oops::ObsFilter::ObsFilter                          :         0.33      30            0.0110
150: OOPS_STATS oops::ObsFilter::QCmanager::ObsFilter               :         0.16      12            0.0132
150: OOPS_STATS oops::ObsFilter::QCmanager::postFilter              :         0.01      12            0.0007
150: OOPS_STATS oops::ObsFilter::QCmanager::preProcess              :         0.00      12            0.0003
150: OOPS_STATS oops::ObsFilter::QCmanager::priorFilter             :         0.01      12            0.0007
150: OOPS_STATS oops::ObsFilter::checkFilterData                    :         0.02      90            0.0002
150: OOPS_STATS oops::ObsFilter::postFilter                         :         0.17      30            0.0058
150: OOPS_STATS oops::ObsFilter::preProcess                         :         0.03      30            0.0010
150: OOPS_STATS oops::ObsFilter::priorFilter                        :         0.04      30            0.0013
150: OOPS_STATS oops::ObsFilter::~ObsFilter                         :         0.26      54            0.0047
150: OOPS_STATS oops::ObsOperator::Lorenz 95::ObsOperator           :         0.06      12            0.0048
150: OOPS_STATS oops::ObsOperator::Lorenz 95::computeReducedVars    :         0.00      12            0.0001
150: OOPS_STATS oops::ObsOperator::Lorenz 95::locations             :         0.34      12            0.0283
150: OOPS_STATS oops::ObsOperator::Lorenz 95::requiredVars          :         0.00      12            0.0000
150: OOPS_STATS oops::ObsOperator::Lorenz 95::simulateObs           :         0.06      12            0.0049
150: OOPS_STATS oops::ObsOperator::Lorenz 95::~ObsOperator          :         0.08      12            0.0063
150: OOPS_STATS oops::ObsSpace::ObsSpace                            :         2.72       1            2.7210
150: OOPS_STATS oops::ObsSpace::obsvariables                        :         0.00      24            0.0000
150: OOPS_STATS oops::ObsSpace::save                                :         0.01       1            0.0109
150: OOPS_STATS oops::ObsSpace::~ObsSpace                           :         0.14       1            0.1375
150: OOPS_STATS oops::ObsVector::ObsVector                          :         0.29     129            0.0023
150: OOPS_STATS oops::ObsVector::dot_product                        :         0.03       2            0.0158
150: OOPS_STATS oops::ObsVector::invert                             :         0.02      24            0.0007
150: OOPS_STATS oops::ObsVector::mask(ObsVector)                    :         0.04      64            0.0007
150: OOPS_STATS oops::ObsVector::ones                               :         0.02      80            0.0003
150: OOPS_STATS oops::ObsVector::operator*=                         :         0.05      26            0.0018
150: OOPS_STATS oops::ObsVector::operator+=                         :         0.03      10            0.0035
150: OOPS_STATS oops::ObsVector::operator-=                         :         0.03      14            0.0019
150: OOPS_STATS oops::ObsVector::operator=                          :         0.12      64            0.0018
150: OOPS_STATS oops::ObsVector::packEigen                          :         0.22     320            0.0007
150: OOPS_STATS oops::ObsVector::packEigenSize                      :         0.17     360            0.0005
150: OOPS_STATS oops::ObsVector::save                               :         0.24      28            0.0085
150: OOPS_STATS oops::ObsVector::zero                               :         0.01      14            0.0011
150: OOPS_STATS oops::ObsVector::~ObsVector                         :         0.02     129            0.0002
150: OOPS_STATS oops::Parameters::deserialize                       :         5.02      81            0.0619
150: OOPS_STATS oops::Parameters::serialize                         :         0.24      30            0.0080
150: OOPS_STATS oops::Parameters::validate                          :        28.85      19            1.5185
150: OOPS_STATS oops::SampledLocations::SampledLocations            :         0.01      24            0.0003
150: OOPS_STATS oops::SampledLocations::latitudes                   :         0.00      12            0.0001
150: OOPS_STATS oops::SampledLocations::longitudes                  :         0.00      12            0.0001
150: OOPS_STATS oops::SampledLocations::times                       :         0.00      12            0.0001
150: OOPS_STATS oops::SampledLocations::~SampledLocations           :         0.06      36            0.0017
150: OOPS_STATS oops::State::State                                  :         1.86      38            0.0490
150: OOPS_STATS oops::State::accumul                                :         0.05      10            0.0047
150: OOPS_STATS oops::State::operator=                              :         0.08      17            0.0047
150: OOPS_STATS oops::State::print                                  :         0.55      31            0.0179
150: OOPS_STATS oops::State::toFieldSet                             :         0.51      12            0.0422
150: OOPS_STATS oops::State::variables                              :         0.00       1            0.0003
150: OOPS_STATS oops::State::write                                  :         2.67       5            0.5340
150: OOPS_STATS oops::State::zero                                   :         0.02       2            0.0104
150: OOPS_STATS oops::State::~State                                 :         0.41      38            0.0107
150: OOPS_STATS oops::VariableChange::VariableChange                :         0.00      12            0.0002
150: OOPS_STATS oops::VariableChange::changeVar                     :         0.00      12            0.0002
150: OOPS_STATS oops::VariableChange::~VariableChange               :         0.01      12            0.0005
150: OOPS_STATS util::Timers::Total                                 :        91.03       1           91.0288
150: OOPS_STATS util::Timers::measured                              :        75.29       1           75.2925
150: OOPS_STATS ------------------------------------ Timing Statistics -------------------------------------
150: 
150: OOPS_STATS ------------------------------------------------------------------------------------------------------------------
150: OOPS_STATS ---------------------------------- Parallel Timing Statistics (   1 MPI tasks) -----------------------------------
150: OOPS_STATS ------------------------------------------------------------------------------------------------------------------
150: OOPS_STATS Name                                                :     min (ms)    max (ms)    avg (ms)     % total   imbal (%)
150: OOPS_STATS oops::Geometry::Geometry                            :         1.71        1.71        1.71        1.88        0.00
150: OOPS_STATS oops::Geometry::begin                               :         0.10        0.10        0.10        0.11        0.00
150: OOPS_STATS oops::Geometry::latlon                              :         0.35        0.35        0.35        0.39        0.00
150: OOPS_STATS oops::Geometry::~Geometry                           :         0.11        0.11        0.11        0.12        0.00
150: OOPS_STATS oops::GeometryData::setGlobalTree                   :         0.21        0.21        0.21        0.24        0.00
150: OOPS_STATS oops::GeometryData::setLocalTree                    :         0.83        0.83        0.83        0.91        0.00
150: OOPS_STATS oops::GetValues::GetValues                          :         1.27        1.27        1.27        1.39        0.00
150: OOPS_STATS oops::GetValues::fillGeoVaLs                        :         0.52        0.52        0.52        0.57        0.00
150: OOPS_STATS oops::GetValues::finalize                           :         0.56        0.56        0.56        0.61        0.00
150: OOPS_STATS oops::GetValues::process                            :         1.13        1.13        1.13        1.25        0.00
150: OOPS_STATS oops::Increment::diff                               :         0.11        0.11        0.11        0.12        0.00
150: OOPS_STATS oops::Increment::getLocal                           :         0.46        0.46        0.46        0.51        0.00
150: OOPS_STATS oops::LETKFSolver::applyWeights                     :         1.89        1.89        1.89        2.07        0.00
150: OOPS_STATS oops::LETKFSolver::computeWeights                   :         3.68        3.68        3.68        4.04        0.00
150: OOPS_STATS oops::LETKFSolver::measurementUpdate                :         7.96        7.96        7.96        8.74        0.00
150: OOPS_STATS oops::LocalEnsembleSolver::computeHofX              :        24.83       24.83       24.83       27.28        0.00
150: OOPS_STATS oops::LocalInterpolator::LocalInterpolator          :         0.10        0.10        0.10        0.11        0.00
150: OOPS_STATS oops::LocalInterpolator::apply                      :         0.82        0.82        0.82        0.90        0.00
150: OOPS_STATS oops::Model::initialize                             :         0.27        0.27        0.27        0.30        0.00
150: OOPS_STATS oops::ObsAuxControl::ObsAuxControl                  :         0.26        0.26        0.26        0.28        0.00
150: OOPS_STATS oops::ObsDataVector::ObsDataVector                  :         0.10        0.10        0.10        0.11        0.00
150: OOPS_STATS oops::ObsDataVector::print                          :         0.11        0.11        0.11        0.12        0.00
150: OOPS_STATS oops::ObsDataVector::save                           :         0.11        0.11        0.11        0.12        0.00
150: OOPS_STATS oops::ObsError::ObsErrors                           :         0.60        0.60        0.60        0.66        0.00
150: OOPS_STATS oops::ObsError::obserrors                           :         0.19        0.19        0.19        0.21        0.00
150: OOPS_STATS oops::ObsError::update                              :         0.21        0.21        0.21        0.23        0.00
150: OOPS_STATS oops::ObsFilter::Background Check::ObsFilter        :         0.12        0.12        0.12        0.13        0.00
150: OOPS_STATS oops::ObsFilter::Background Check::postFilter       :         0.13        0.13        0.13        0.14        0.00
150: OOPS_STATS oops::ObsFilter::ObsFilter                          :         0.33        0.33        0.33        0.36        0.00
150: OOPS_STATS oops::ObsFilter::QCmanager::ObsFilter               :         0.16        0.16        0.16        0.17        0.00
150: OOPS_STATS oops::ObsFilter::postFilter                         :         0.17        0.17        0.17        0.19        0.00
150: OOPS_STATS oops::ObsFilter::~ObsFilter                         :         0.26        0.26        0.26        0.28        0.00
150: OOPS_STATS oops::ObsOperator::Lorenz 95::locations             :         0.34        0.34        0.34        0.37        0.00
150: OOPS_STATS oops::ObsSpace::ObsSpace                            :         2.72        2.72        2.72        2.99        0.00
150: OOPS_STATS oops::ObsSpace::~ObsSpace                           :         0.14        0.14        0.14        0.15        0.00
150: OOPS_STATS oops::ObsVector::ObsVector                          :         0.29        0.29        0.29        0.32        0.00
150: OOPS_STATS oops::ObsVector::operator=                          :         0.12        0.12        0.12        0.13        0.00
150: OOPS_STATS oops::ObsVector::packEigen                          :         0.22        0.22        0.22        0.25        0.00
150: OOPS_STATS oops::ObsVector::packEigenSize                      :         0.17        0.17        0.17        0.19        0.00
150: OOPS_STATS oops::ObsVector::save                               :         0.24        0.24        0.24        0.26        0.00
150: OOPS_STATS oops::Parameters::deserialize                       :         5.02        5.02        5.02        5.51        0.00
150: OOPS_STATS oops::Parameters::serialize                         :         0.24        0.24        0.24        0.26        0.00
150: OOPS_STATS oops::Parameters::validate                          :        28.85       28.85       28.85       31.70        0.00
150: OOPS_STATS oops::State::State                                  :         1.86        1.86        1.86        2.05        0.00
150: OOPS_STATS oops::State::print                                  :         0.55        0.55        0.55        0.61        0.00
150: OOPS_STATS oops::State::toFieldSet                             :         0.51        0.51        0.51        0.56        0.00
150: OOPS_STATS oops::State::write                                  :         2.67        2.67        2.67        2.93        0.00
150: OOPS_STATS oops::State::~State                                 :         0.41        0.41        0.41        0.45        0.00
150: OOPS_STATS util::Timers::Total                                 :        91.03       91.03       91.03      100.00        0.00
150: OOPS_STATS util::Timers::measured                              :        75.29       75.29       75.29       82.71        0.00
150: OOPS_STATS ---------------------------------- Parallel Timing Statistics (   1 MPI tasks) -----------------------------------
150: 
150: OOPS_STATS Run end                                  - Runtime:      0.12 sec,  Memory: total:    34.91 Mb, per task: min =    34.91 Mb, max =    34.91 Mb
150: Run: Finishing oops::LocalEnsembleDA<Lorenz 95, Lorenz 95 Obs> with status = 0
150: [TestReference] Comparison is done
150: OOPS Ending   2024-12-03 22:49:23 (UTC+0000)
3/4 Test #150: test_l95_letkf_qc ................   Passed    0.20 sec
test 151
    Start 151: test_l95_letkf_gsi

151: Test command: /home/nonroot/shared/oops/build/bin/l95_letkf.x "testinput/letkf_gsi.yaml"
151: Environment variables: 
151:  OMP_NUM_THREADS=1
151: Test timeout computed to be: 1500
151: Configuration input file is: testinput/letkf_gsi.yaml
151: OOPS Starting 2024-12-03 22:49:24 (UTC+0000)
151: [TestReference] Comparing to reference file: testoutput/letkf.test
151: Relative float tolerance for tests : 0.0001
151: Absolute float tolerance for tests : 0
151: Full configuration is:YAMLConfiguration[path=testinput/letkf_gsi.yaml, root={window begin => 2010-01-01T21:00:00Z , window length => PT6H , geometry => {resol => 40} , background => {members from template => {template => {date => 2010-01-02T00:00:00Z , filename => Data/forecast.ens.%mem%.2010-01-01T00:00:00Z.P1D.l95} , pattern => %mem% , nmembers => 5}} , observations => {observers => ({obs error => {covariance model => diagonal} , obs localizations => ({localization method => Gaspari-Cohn , lengthscale => 0.1}) , obs space => {obsdatain => {engine => {obsfile => Data/truth3d.2010-01-02T00:00:00Z.obt}} , obsdataout => {engine => {obsfile => Data/letkf_gsi.2010-01-02T00:00:00Z.obt}}} , obs operator => {}})} , driver => {save prior mean => true , save posterior mean => true , save posterior mean increment => true , save prior variance => true , save posterior variance => true , update obs config with geometry info => false} , local ensemble DA => {solver => GSI LETKF , inflation => {rtps => 0.5 , rtpp => 0.5 , mult => 1.1}} , output => {datadir => Data , date => 2010-01-02T00:00:00Z , exp => letkf_gsi.%{member}% , type => an} , output increment => {datadir => Data , date => 2010-01-02T00:00:00Z , exp => letkf_gsi.increment.%{member}% , type => an} , output mean prior => {datadir => Data , date => 2010-01-02T00:00:00Z , exp => letkf_gsi.xbmean.%{member}% , type => an} , output variance prior => {datadir => Data , date => 2010-01-02T00:00:00Z , exp => letkf_gsi.xbvar.%{member}% , type => an} , output variance posterior => {datadir => Data , date => 2010-01-02T00:00:00Z , exp => letkf_gsi.xavar.%{member}% , type => an} , test => {reference filename => testoutput/letkf.test , float relative tolerance => 0.0001}}]
151: OOPS_STATS ObjectCountHelper started.
151: OOPS_STATS Run start                                - Runtime:      0.03 sec,  Memory: total:    29.89 Mb, per task: min =    29.89 Mb, max =    29.89 Mb
151: Run: Starting oops::LocalEnsembleDA<Lorenz 95, Lorenz 95 Obs>
151: Observation window from 2010-01-01T21:00:00Z to 2010-01-02T03:00:00Z
151: GeometryData: Global tree size = 40, footprint = 2560
151: OOPS_STATS LocalEnsembleDA before solver ctor       - Runtime:     0.07 sec,  Local Memory:    34.38 Mb
151: Multiplicative inflation will be applied with multCoeff=1.1
151: RTPP inflation will be applied with rtppCoeff=0.5
151: RTPS inflation will be applied with rtpsCoeff=0.5
151: Using EIGEN implementation of LETKF
151: Test     : Initial state for member 1:
151: Test     :  Valid time: 2010-01-02T00:00:00Z
151: Test     :  Min=3.5360944731346300e+00, Max=1.1197408772662600e+01, Average=7.9097771698488781e+00
151: Test     : Initial state for member 2:
151: Test     :  Valid time: 2010-01-02T00:00:00Z
151: Test     :  Min=3.7750714660572902e+00, Max=1.1184390839101701e+01, Average=7.7504740680820658e+00
151: Test     : Initial state for member 3:
151: Test     :  Valid time: 2010-01-02T00:00:00Z
151: Test     :  Min=5.3688150613089300e+00, Max=1.0844015150837601e+01, Average=7.8057606908578121e+00
151: Test     : Initial state for member 4:
151: Test     :  Valid time: 2010-01-02T00:00:00Z
151: Test     :  Min=4.1463865178134700e+00, Max=1.1673384864377301e+01, Average=7.7600117472793597e+00
151: Test     : Initial state for member 5:
151: Test     :  Valid time: 2010-01-02T00:00:00Z
151: Test     :  Min=3.1756287528176999e+00, Max=1.0818287765402999e+01, Average=7.6024271099360359e+00
151: OOPS_STATS LocalEnsembleDA before computeHofX       - Runtime:     0.08 sec,  Local Memory:    34.38 Mb
151: Model:forecast: forecast starting: 
151:  Valid time: 2010-01-02T00:00:00Z
151:  Min=3.53609, Max=11.1974, Average=7.90978
151: Model:forecast: forecast finished: 
151:  Valid time: 2010-01-02T00:00:00Z
151:  Min=3.53609, Max=11.1974, Average=7.90978
151: ObsErrorDiag covariance updated 120
151: Observer::finalize QC = Lorenz 95 nobs= 120 Min=0, Max=0, Average=0
151: Test     : H(x) for member 1:
151: Test     : Lorenz 95 nobs= 120 Min=3.5360944731346300e+00, Max=1.1197408772662600e+01, Average=7.9097771698488808e+00
151: 
151: Model:forecast: forecast starting: 
151:  Valid time: 2010-01-02T00:00:00Z
151:  Min=3.77507, Max=11.1844, Average=7.75047
151: Model:forecast: forecast finished: 
151:  Valid time: 2010-01-02T00:00:00Z
151:  Min=3.77507, Max=11.1844, Average=7.75047
151: ObsErrorDiag covariance updated 120
151: ObsTable::putdb over-writing ObsBias0
151: Observer::finalize QC = Lorenz 95 nobs= 120 Min=0, Max=0, Average=0
151: Test     : H(x) for member 2:
151: Test     : Lorenz 95 nobs= 120 Min=3.7750714660572902e+00, Max=1.1184390839101701e+01, Average=7.7504740680820694e+00
151: 
151: Model:forecast: forecast starting: 
151:  Valid time: 2010-01-02T00:00:00Z
151:  Min=5.36882, Max=10.844, Average=7.80576
151: Model:forecast: forecast finished: 
151:  Valid time: 2010-01-02T00:00:00Z
151:  Min=5.36882, Max=10.844, Average=7.80576
151: ObsErrorDiag covariance updated 120
151: ObsTable::putdb over-writing ObsBias0
151: Observer::finalize QC = Lorenz 95 nobs= 120 Min=0, Max=0, Average=0
151: Test     : H(x) for member 3:
151: Test     : Lorenz 95 nobs= 120 Min=5.3688150613089300e+00, Max=1.0844015150837601e+01, Average=7.8057606908578174e+00
151: 
151: Model:forecast: forecast starting: 
151:  Valid time: 2010-01-02T00:00:00Z
151:  Min=4.14639, Max=11.6734, Average=7.76001
151: Model:forecast: forecast finished: 
151:  Valid time: 2010-01-02T00:00:00Z
151:  Min=4.14639, Max=11.6734, Average=7.76001
151: ObsErrorDiag covariance updated 120
151: ObsTable::putdb over-writing ObsBias0
151: Observer::finalize QC = Lorenz 95 nobs= 120 Min=0, Max=0, Average=0
151: Test     : H(x) for member 4:
151: Test     : Lorenz 95 nobs= 120 Min=4.1463865178134700e+00, Max=1.1673384864377301e+01, Average=7.7600117472793606e+00
151: 
151: Model:forecast: forecast starting: 
151:  Valid time: 2010-01-02T00:00:00Z
151:  Min=3.17563, Max=10.8183, Average=7.60243
151: Model:forecast: forecast finished: 
151:  Valid time: 2010-01-02T00:00:00Z
151:  Min=3.17563, Max=10.8183, Average=7.60243
151: ObsErrorDiag covariance updated 120
151: ObsTable::putdb over-writing ObsBias0
151: Observer::finalize QC = Lorenz 95 nobs= 120 Min=0, Max=0, Average=0
151: Test     : H(x) for member 5:
151: Test     : Lorenz 95 nobs= 120 Min=3.1756287528176999e+00, Max=1.0818287765402999e+01, Average=7.6024271099360394e+00
151: 
151: Model:forecast: forecast starting: 
151:  Valid time: 2010-01-02T00:00:00Z
151:  Min=5.25199, Max=9.50208, Average=7.76569
151: Model:forecast: forecast finished: 
151:  Valid time: 2010-01-02T00:00:00Z
151:  Min=5.25199, Max=9.50208, Average=7.76569
151: ObsErrorDiag covariance updated 120
151: ObsTable::putdb over-writing ObsBias0
151: Observer::finalize QC = Lorenz 95 nobs= 120 Min=0, Max=0, Average=0
151: ObsTable::putdb over-writing ObsError
151: Test     : H(x) ensemble background mean: 
151: Test     : Lorenz 95 nobs= 120 Min=5.2519885916484164e+00, Max=9.5020752396112194e+00, Average=7.7656901572008303e+00
151: 
151: Test     : background y - H(x): 
151: Test     : Lorenz 95 nobs= 120 Min=-1.4837852396112190e+00, Max=2.7440514083515835e+00, Average=2.4570017613250186e-01
151: 
151: Test     : Background mean :
151: Test     :  Valid time: 2010-01-02T00:00:00Z
151: Test     :  Min=5.2519885916484164e+00, Max=9.5020752396112176e+00, Average=7.7656901572008321e+00
151: Beginning core local solver...
151: OOPS_STATS LocalEnsembleDA before solver            - Runtime:      0.10 sec,  Memory: total:    34.68 Mb, per task: min =    34.68 Mb, max =    34.68 Mb
151: Local solver completed.
151: OOPS_STATS LocalEnsembleDA after solver             - Runtime:      0.11 sec,  Memory: total:    37.86 Mb, per task: min =    37.86 Mb, max =    37.86 Mb
151: Test     : Analysis mean :
151: Test     :  Valid time: 2010-01-02T00:00:00Z
151: Test     :  Min=6.7304417854174021e+00, Max=9.1900215911437062e+00, Average=7.9883188720032283e+00
151: Test     : Analysis mean increment :
151: Test     :  Valid time: 2010-01-02T00:00:00Z
151: Test     :  Min=-1.5531557283020998e+00, Max=2.4136226696835186e+00, Average=2.2262871480239532e-01
151: Test     : Forecast variance :
151: Test     :  Valid time: 2010-01-02T00:00:00Z
151: Test     :  Min=1.8005268601820407e-01, Max=5.9517881311415444e+00, Average=2.1631132241838325e+00
151: Test     : Analysis variance :
151: Test     :  Valid time: 2010-01-02T00:00:00Z
151: Test     :  Min=1.2782349607623833e-01, Max=3.5305573368128251e+00, Average=1.3172050737298102e+00
151: Model:forecast: forecast starting: 
151:  Valid time: 2010-01-02T00:00:00Z
151:  Min=6.31713, Max=10.1291, Average=8.09746
151: Model:forecast: forecast finished: 
151:  Valid time: 2010-01-02T00:00:00Z
151:  Min=6.31713, Max=10.1291, Average=8.09746
151: ObsErrorDiag covariance updated 120
151: Observer::finalize QC = Lorenz 95 nobs= 120 Min=0, Max=0, Average=0
151: Test     : H(x) for member 1:
151: Test     : Lorenz 95 nobs= 120 Min=6.3171262932851135e+00, Max=1.0129111366564905e+01, Average=8.0974628882735349e+00
151: 
151: Model:forecast: forecast starting: 
151:  Valid time: 2010-01-02T00:00:00Z
151:  Min=5.53728, Max=9.94295, Average=7.97522
151: Model:forecast: forecast finished: 
151:  Valid time: 2010-01-02T00:00:00Z
151:  Min=5.53728, Max=9.94295, Average=7.97522
151: ObsErrorDiag covariance updated 120
151: ObsTable::putdb over-writing ObsBias1
151: Observer::finalize QC = Lorenz 95 nobs= 120 Min=0, Max=0, Average=0
151: Test     : H(x) for member 2:
151: Test     : Lorenz 95 nobs= 120 Min=5.5372770966144493e+00, Max=9.9429463991403697e+00, Average=7.9752184655828655e+00
151: 
151: Model:forecast: forecast starting: 
151:  Valid time: 2010-01-02T00:00:00Z
151:  Min=5.98634, Max=10.5925, Average=8.01708
151: Model:forecast: forecast finished: 
151:  Valid time: 2010-01-02T00:00:00Z
151:  Min=5.98634, Max=10.5925, Average=8.01708
151: ObsErrorDiag covariance updated 120
151: ObsTable::putdb over-writing ObsBias1
151: Observer::finalize QC = Lorenz 95 nobs= 120 Min=0, Max=0, Average=0
151: Test     : H(x) for member 3:
151: Test     : Lorenz 95 nobs= 120 Min=5.9863385857266938e+00, Max=1.0592451297083015e+01, Average=8.0170752825073581e+00
151: 
151: Model:forecast: forecast starting: 
151:  Valid time: 2010-01-02T00:00:00Z
151:  Min=4.57542, Max=11.5295, Average=7.98557
151: Model:forecast: forecast finished: 
151:  Valid time: 2010-01-02T00:00:00Z
151:  Min=4.57542, Max=11.5295, Average=7.98557
151: ObsErrorDiag covariance updated 120
151: ObsTable::putdb over-writing ObsBias1
151: Observer::finalize QC = Lorenz 95 nobs= 120 Min=0, Max=0, Average=0
151: Test     : H(x) for member 4:
151: Test     : Lorenz 95 nobs= 120 Min=4.5754164595262843e+00, Max=1.1529525142563621e+01, Average=7.9855709060985580e+00
151: 
151: Model:forecast: forecast starting: 
151:  Valid time: 2010-01-02T00:00:00Z
151:  Min=5.01152, Max=9.81763, Average=7.86627
151: Model:forecast: forecast finished: 
151:  Valid time: 2010-01-02T00:00:00Z
151:  Min=5.01152, Max=9.81763, Average=7.86627
151: ObsErrorDiag covariance updated 120
151: ObsTable::putdb over-writing ObsBias1
151: Observer::finalize QC = Lorenz 95 nobs= 120 Min=0, Max=0, Average=0
151: Test     : H(x) for member 5:
151: Test     : Lorenz 95 nobs= 120 Min=5.0115201146838997e+00, Max=9.8176338741528788e+00, Average=7.8662668175538206e+00
151: 
151: Model:forecast: forecast starting: 
151:  Valid time: 2010-01-02T00:00:00Z
151:  Min=5.25199, Max=9.50208, Average=7.76569
151: Model:forecast: forecast finished: 
151:  Valid time: 2010-01-02T00:00:00Z
151:  Min=5.25199, Max=9.50208, Average=7.76569
151: ObsErrorDiag covariance updated 120
151: ObsTable::putdb over-writing ObsBias1
151: Observer::finalize QC = Lorenz 95 nobs= 120 Min=0, Max=0, Average=0
151: ObsTable::putdb over-writing ObsError
151: Test     : H(x) ensemble analysis mean: 
151: Test     : Lorenz 95 nobs= 120 Min=6.7304417854174021e+00, Max=9.1900215911437044e+00, Average=7.9883188720032274e+00
151: 
151: Test     : analysis y - H(x): 
151: Test     : Lorenz 95 nobs= 120 Min=-2.6570253892653994e-01, Max=4.4146792676460755e-01, Average=2.3071461330107047e-02
151: 
151: Test     : ombg RMS: 8.6409563643508913e-01
151: Test     : oman RMS: 1.4632164931039407e-01
151: 
151: Run: Finishing oops::LocalEnsembleDA<Lorenz 95, Lorenz 95 Obs>
151: OOPS_STATS  
151: OOPS_STATS ----------------------------------------------------------------------------------
151: OOPS_STATS --------------------------- Object counts ----------------------------------------
151: OOPS_STATS ----------------------------------------------------------------------------------
151: OOPS_STATS                                      Total  Simult. Remain    Avg (Mb)    HWM (Mb)
151: OOPS_STATS lorenz95::GomL95                :       12       1        
151: OOPS_STATS lorenz95::IncrementL95          :       25      13        
151: OOPS_STATS lorenz95::Iterator              :      124       3        
151: OOPS_STATS lorenz95::LocsL95               :       12       1        
151: OOPS_STATS lorenz95::ModelBias             :       12       1        
151: OOPS_STATS lorenz95::ObsBias               :       12       1        
151: OOPS_STATS lorenz95::ObsData1D             :       36       3        
151: OOPS_STATS lorenz95::ObsTable              :        1       1        
151: OOPS_STATS lorenz95::ObsVec1D              :      129      21        
151: OOPS_STATS lorenz95::ObservationL95        :       12       1        
151: OOPS_STATS lorenz95::StateL95              :       38       9        
151: OOPS_STATS oops::GeoVaLs                   :       12       1        
151: OOPS_STATS oops::Geometry                  :        1       1        
151: OOPS_STATS oops::GeometryIterator          :       82       2        
151: OOPS_STATS oops::GetValues                 :       12       1        
151: OOPS_STATS oops::Increment                 :       25      13                0.00        0.00
151: OOPS_STATS oops::LocalInterpolator         :       12       1        
151: OOPS_STATS oops::Model                     :       12       1        
151: OOPS_STATS oops::ModelAuxControl           :       12       1        
151: OOPS_STATS oops::ObsAuxControl             :       12       1        
151: OOPS_STATS oops::ObsDataVector             :       36       3        
151: OOPS_STATS oops::ObsDiagnostics            :       12       1        
151: OOPS_STATS oops::ObsError                  :       12       2        
151: OOPS_STATS oops::ObsOperator               :       12       1        
151: OOPS_STATS oops::ObsSpace                  :        1       1                2.15        2.15
151: OOPS_STATS oops::ObsSpaces                 :        1       1        
151: OOPS_STATS oops::ObsVector                 :      129      21                0.00        0.02
151: OOPS_STATS oops::SampledLocations          :       36       3        
151: OOPS_STATS oops::State                     :       38       9                0.00        0.00
151: OOPS_STATS oops::VariableChange            :       12       1        
151: OOPS_STATS ----------------------------- Object counts --------------------------------------
151: OOPS_STATS  
151: OOPS_STATS --------------------------------------------------------------------------------------------
151: OOPS_STATS ------------------------------------ Timing Statistics -------------------------------------
151: OOPS_STATS --------------------------------------------------------------------------------------------
151: OOPS_STATS Name                                                :   total (ms)   count    time/call (ms)
151: OOPS_STATS oops::GeoVaLs::GeoVaLs                              :         0.10      12            0.0080
151: OOPS_STATS oops::GeoVaLs::fill                                 :         0.04      12            0.0029
151: OOPS_STATS oops::GeoVaLs::~GeoVaLs                             :         0.02      12            0.0016
151: OOPS_STATS oops::Geometry::Geometry                            :         1.39       1            1.3913
151: OOPS_STATS oops::Geometry::begin                               :         0.08       1            0.0809
151: OOPS_STATS oops::Geometry::end                                 :         0.04      41            0.0009
151: OOPS_STATS oops::Geometry::latlon                              :         0.34       2            0.1721
151: OOPS_STATS oops::Geometry::variableSizes                       :         0.04      36            0.0011
151: OOPS_STATS oops::Geometry::~Geometry                           :         0.08       1            0.0774
151: OOPS_STATS oops::GeometryData::setGlobalTree                   :         0.39       1            0.3882
151: OOPS_STATS oops::GeometryData::setLocalTree                    :         0.93       1            0.9318
151: OOPS_STATS oops::GeometryIterator::GeometryIterator            :         0.01      82            0.0001
151: OOPS_STATS oops::GeometryIterator::operator!=                  :         0.01      41            0.0002
151: OOPS_STATS oops::GeometryIterator::operator++                  :         0.03      40            0.0007
151: OOPS_STATS oops::GeometryIterator::~GeometryIterator           :         0.02      82            0.0003
151: OOPS_STATS oops::GetValues::GetValues                          :         1.17      12            0.0977
151: OOPS_STATS oops::GetValues::fillGeoVaLs                        :         0.51      12            0.0424
151: OOPS_STATS oops::GetValues::finalize                           :         0.51      12            0.0422
151: OOPS_STATS oops::GetValues::process                            :         1.14      12            0.0947
151: OOPS_STATS oops::Increment::Increment                          :         0.10      25            0.0041
151: OOPS_STATS oops::Increment::diff                               :         0.11       6            0.0190
151: OOPS_STATS oops::Increment::getLocal                           :         0.29     320            0.0009
151: OOPS_STATS oops::Increment::operator*=                         :         0.02       4            0.0059
151: OOPS_STATS oops::Increment::operator+=                         :         0.04      20            0.0018
151: OOPS_STATS oops::Increment::operator+=(State, Increment)       :         0.05       5            0.0101
151: OOPS_STATS oops::Increment::operator-=                         :         0.05      10            0.0052
151: OOPS_STATS oops::Increment::print                              :         0.19       3            0.0635
151: OOPS_STATS oops::Increment::schur_product_with                 :         0.04      10            0.0045
151: OOPS_STATS oops::Increment::setLocal                           :         0.03     200            0.0002
151: OOPS_STATS oops::Increment::~Increment                         :         0.07      25            0.0030
151: OOPS_STATS oops::LETKFSolver::applyWeights                     :         1.29      40            0.0323
151: OOPS_STATS oops::LETKFSolver::measurementUpdate                :        11.38      40            0.2845
151: OOPS_STATS oops::LocalEnsembleSolver::computeHofX              :        20.08       2           10.0391
151: OOPS_STATS oops::LocalInterpolator::LocalInterpolator          :         0.09      12            0.0079
151: OOPS_STATS oops::LocalInterpolator::apply                      :         0.80      12            0.0664
151: OOPS_STATS oops::LocalInterpolator::~LocalInterpolator         :         0.02      12            0.0013
151: OOPS_STATS oops::Model::finalize                               :         0.01      12            0.0010
151: OOPS_STATS oops::Model::initialize                             :         0.28      12            0.0233
151: OOPS_STATS oops::Model::~Model                                 :         0.01      12            0.0005
151: OOPS_STATS oops::ModelAuxControl::ModelAuxControl              :         0.06      12            0.0047
151: OOPS_STATS oops::ModelAuxControl::~ModelAuxControl             :         0.00      12            0.0002
151: OOPS_STATS oops::ObsAuxControl::ObsAuxControl                  :         0.15      12            0.0127
151: OOPS_STATS oops::ObsAuxControl::requiredHdiagnostics           :         0.00      12            0.0002
151: OOPS_STATS oops::ObsAuxControl::requiredVars                   :         0.00      24            0.0001
151: OOPS_STATS oops::ObsAuxControl::~ObsAuxControl                 :         0.01      12            0.0004
151: OOPS_STATS oops::ObsDataVector::ObsDataVector                  :         0.11      36            0.0030
151: OOPS_STATS oops::ObsDataVector::mask                           :         0.01      12            0.0005
151: OOPS_STATS oops::ObsDataVector::operator=                      :         0.04      36            0.0010
151: OOPS_STATS oops::ObsDataVector::print                          :         0.04      12            0.0033
151: OOPS_STATS oops::ObsDataVector::save                           :         0.08       4            0.0202
151: OOPS_STATS oops::ObsDataVector::~ObsDataVector                 :         0.03      36            0.0009
151: OOPS_STATS oops::ObsDiagnostics::ObsDiagnostics                :         0.00      12            0.0002
151: OOPS_STATS oops::ObsDiagnostics::~ObsDiagnostics               :         0.00      12            0.0002
151: OOPS_STATS oops::ObsError::ObsErrors                           :         0.58      12            0.0482
151: OOPS_STATS oops::ObsError::inverseVariance                     :         0.00       2            0.0011
151: OOPS_STATS oops::ObsError::obserrors                           :         0.09      12            0.0073
151: OOPS_STATS oops::ObsError::save                                :         0.02       2            0.0110
151: OOPS_STATS oops::ObsError::update                              :         0.17      12            0.0138
151: OOPS_STATS oops::ObsError::~ObsError                           :         0.05      12            0.0040
151: OOPS_STATS oops::ObsOperator::Lorenz 95::ObsOperator           :         0.07      12            0.0060
151: OOPS_STATS oops::ObsOperator::Lorenz 95::computeReducedVars    :         0.00      12            0.0001
151: OOPS_STATS oops::ObsOperator::Lorenz 95::locations             :         0.32      12            0.0267
151: OOPS_STATS oops::ObsOperator::Lorenz 95::requiredVars          :         0.00      12            0.0001
151: OOPS_STATS oops::ObsOperator::Lorenz 95::simulateObs           :         0.05      12            0.0044
151: OOPS_STATS oops::ObsOperator::Lorenz 95::~ObsOperator          :         0.04      12            0.0032
151: OOPS_STATS oops::ObsSpace::ObsSpace                            :         3.91       1            3.9127
151: OOPS_STATS oops::ObsSpace::obsvariables                        :         0.00      24            0.0000
151: OOPS_STATS oops::ObsSpace::save                                :         6.83       1            6.8344
151: OOPS_STATS oops::ObsSpace::~ObsSpace                           :         0.11       1            0.1122
151: OOPS_STATS oops::ObsVector::ObsVector                          :         0.20     129            0.0015
151: OOPS_STATS oops::ObsVector::dot_product                        :         0.03       2            0.0166
151: OOPS_STATS oops::ObsVector::invert                             :         0.02      24            0.0008
151: OOPS_STATS oops::ObsVector::mask(ObsVector)                    :         0.04      64            0.0006
151: OOPS_STATS oops::ObsVector::ones                               :         0.02      80            0.0002
151: OOPS_STATS oops::ObsVector::operator*=                         :         0.08      26            0.0029
151: OOPS_STATS oops::ObsVector::operator+=                         :         0.03      10            0.0031
151: OOPS_STATS oops::ObsVector::operator-=                         :         0.04      14            0.0027
151: OOPS_STATS oops::ObsVector::operator=                          :         0.14      64            0.0022
151: OOPS_STATS oops::ObsVector::packEigen                          :         0.25     320            0.0008
151: OOPS_STATS oops::ObsVector::packEigenSize                      :         0.16     360            0.0004
151: OOPS_STATS oops::ObsVector::save                               :         0.20      28            0.0073
151: OOPS_STATS oops::ObsVector::zero                               :         0.01      14            0.0009
151: OOPS_STATS oops::ObsVector::~ObsVector                         :         0.02     129            0.0001
151: OOPS_STATS oops::Parameters::deserialize                       :         4.09      60            0.0682
151: OOPS_STATS oops::Parameters::serialize                         :         0.65      41            0.0159
151: OOPS_STATS oops::Parameters::validate                          :        28.63      22            1.3016
151: OOPS_STATS oops::SampledLocations::SampledLocations            :         0.01      24            0.0003
151: OOPS_STATS oops::SampledLocations::latitudes                   :         0.00      12            0.0001
151: OOPS_STATS oops::SampledLocations::longitudes                  :         0.00      12            0.0001
151: OOPS_STATS oops::SampledLocations::times                       :         0.00      12            0.0001
151: OOPS_STATS oops::SampledLocations::~SampledLocations           :         0.03      36            0.0009
151: OOPS_STATS oops::State::State                                  :         1.82      38            0.0479
151: OOPS_STATS oops::State::accumul                                :         0.05      10            0.0054
151: OOPS_STATS oops::State::operator=                              :         0.07      17            0.0040
151: OOPS_STATS oops::State::print                                  :         0.96      31            0.0308
151: OOPS_STATS oops::State::toFieldSet                             :         0.49      12            0.0408
151: OOPS_STATS oops::State::variables                              :         0.00       1            0.0003
151: OOPS_STATS oops::State::write                                  :         3.52       7            0.5032
151: OOPS_STATS oops::State::zero                                   :         0.02       2            0.0119
151: OOPS_STATS oops::State::~State                                 :         0.45      38            0.0119
151: OOPS_STATS oops::VariableChange::VariableChange                :         0.00      12            0.0002
151: OOPS_STATS oops::VariableChange::changeVar                     :         0.00      12            0.0002
151: OOPS_STATS oops::VariableChange::~VariableChange               :         0.01      12            0.0004
151: OOPS_STATS util::Timers::Total                                 :       102.04       1          102.0434
151: OOPS_STATS util::Timers::measured                              :        83.50       1           83.4967
151: OOPS_STATS ------------------------------------ Timing Statistics -------------------------------------
151: 
151: OOPS_STATS ------------------------------------------------------------------------------------------------------------------
151: OOPS_STATS ---------------------------------- Parallel Timing Statistics (   1 MPI tasks) -----------------------------------
151: OOPS_STATS ------------------------------------------------------------------------------------------------------------------
151: OOPS_STATS Name                                                :     min (ms)    max (ms)    avg (ms)     % total   imbal (%)
151: OOPS_STATS oops::Geometry::Geometry                            :         1.39        1.39        1.39        1.36        0.00
151: OOPS_STATS oops::Geometry::latlon                              :         0.34        0.34        0.34        0.34        0.00
151: OOPS_STATS oops::GeometryData::setGlobalTree                   :         0.39        0.39        0.39        0.38        0.00
151: OOPS_STATS oops::GeometryData::setLocalTree                    :         0.93        0.93        0.93        0.91        0.00
151: OOPS_STATS oops::GetValues::GetValues                          :         1.17        1.17        1.17        1.15        0.00
151: OOPS_STATS oops::GetValues::fillGeoVaLs                        :         0.51        0.51        0.51        0.50        0.00
151: OOPS_STATS oops::GetValues::finalize                           :         0.51        0.51        0.51        0.50        0.00
151: OOPS_STATS oops::GetValues::process                            :         1.14        1.14        1.14        1.11        0.00
151: OOPS_STATS oops::Increment::Increment                          :         0.10        0.10        0.10        0.10        0.00
151: OOPS_STATS oops::Increment::diff                               :         0.11        0.11        0.11        0.11        0.00
151: OOPS_STATS oops::Increment::getLocal                           :         0.29        0.29        0.29        0.28        0.00
151: OOPS_STATS oops::Increment::print                              :         0.19        0.19        0.19        0.19        0.00
151: OOPS_STATS oops::LETKFSolver::applyWeights                     :         1.29        1.29        1.29        1.27        0.00
151: OOPS_STATS oops::LETKFSolver::measurementUpdate                :        11.38       11.38       11.38       11.15        0.00
151: OOPS_STATS oops::LocalEnsembleSolver::computeHofX              :        20.08       20.08       20.08       19.68        0.00
151: OOPS_STATS oops::LocalInterpolator::apply                      :         0.80        0.80        0.80        0.78        0.00
151: OOPS_STATS oops::Model::initialize                             :         0.28        0.28        0.28        0.27        0.00
151: OOPS_STATS oops::ObsAuxControl::ObsAuxControl                  :         0.15        0.15        0.15        0.15        0.00
151: OOPS_STATS oops::ObsDataVector::ObsDataVector                  :         0.11        0.11        0.11        0.11        0.00
151: OOPS_STATS oops::ObsError::ObsErrors                           :         0.58        0.58        0.58        0.57        0.00
151: OOPS_STATS oops::ObsError::update                              :         0.17        0.17        0.17        0.16        0.00
151: OOPS_STATS oops::ObsOperator::Lorenz 95::locations             :         0.32        0.32        0.32        0.31        0.00
151: OOPS_STATS oops::ObsSpace::ObsSpace                            :         3.91        3.91        3.91        3.83        0.00
151: OOPS_STATS oops::ObsSpace::save                                :         6.83        6.83        6.83        6.70        0.00
151: OOPS_STATS oops::ObsSpace::~ObsSpace                           :         0.11        0.11        0.11        0.11        0.00
151: OOPS_STATS oops::ObsVector::ObsVector                          :         0.20        0.20        0.20        0.19        0.00
151: OOPS_STATS oops::ObsVector::operator=                          :         0.14        0.14        0.14        0.14        0.00
151: OOPS_STATS oops::ObsVector::packEigen                          :         0.25        0.25        0.25        0.25        0.00
151: OOPS_STATS oops::ObsVector::packEigenSize                      :         0.16        0.16        0.16        0.15        0.00
151: OOPS_STATS oops::ObsVector::save                               :         0.20        0.20        0.20        0.20        0.00
151: OOPS_STATS oops::Parameters::deserialize                       :         4.09        4.09        4.09        4.01        0.00
151: OOPS_STATS oops::Parameters::serialize                         :         0.65        0.65        0.65        0.64        0.00
151: OOPS_STATS oops::Parameters::validate                          :        28.63       28.63       28.63       28.06        0.00
151: OOPS_STATS oops::State::State                                  :         1.82        1.82        1.82        1.78        0.00
151: OOPS_STATS oops::State::print                                  :         0.96        0.96        0.96        0.94        0.00
151: OOPS_STATS oops::State::toFieldSet                             :         0.49        0.49        0.49        0.48        0.00
151: OOPS_STATS oops::State::write                                  :         3.52        3.52        3.52        3.45        0.00
151: OOPS_STATS oops::State::~State                                 :         0.45        0.45        0.45        0.44        0.00
151: OOPS_STATS util::Timers::Total                                 :       102.04      102.04      102.04      100.00        0.00
151: OOPS_STATS util::Timers::measured                              :        83.50       83.50       83.50       81.82        0.00
151: OOPS_STATS ---------------------------------- Parallel Timing Statistics (   1 MPI tasks) -----------------------------------
151: 
151: OOPS_STATS Run end                                  - Runtime:      0.13 sec,  Memory: total:    40.19 Mb, per task: min =    40.19 Mb, max =    40.19 Mb
151: Run: Finishing oops::LocalEnsembleDA<Lorenz 95, Lorenz 95 Obs> with status = 0
151: [TestReference] Comparison is done
151: OOPS Ending   2024-12-03 22:49:24 (UTC+0000)
4/4 Test #151: test_l95_letkf_gsi ...............   Passed    0.20 sec

The following tests passed:
	test_l95_letkf_noobs
	test_l95_letkf_qc
	test_l95_letkf_gsi

75% tests passed, 1 tests failed out of 4

Label Time Summary:
oops      =   0.76 sec*proc (4 tests)
openmp    =   0.20 sec*proc (1 test)
script    =   0.76 sec*proc (4 tests)

Total Test time (real) =   0.82 sec

The following tests FAILED:
	148 - test_l95_letkf (Subprocess aborted)
