UpdateCTestConfiguration  from :/home/nonroot/shared/oops/build/DartConfiguration.tcl
Parse Config file:/home/nonroot/shared/oops/build/DartConfiguration.tcl
UpdateCTestConfiguration  from :/home/nonroot/shared/oops/build/DartConfiguration.tcl
Parse Config file:/home/nonroot/shared/oops/build/DartConfiguration.tcl
Test project /home/nonroot/shared/oops/build
Constructing a list of tests
Done constructing a list of tests
Updating test list for fixtures
Added 0 tests to meet fixture requirements
Checking test dependency graph...
Checking test dependency graph end
test 148
    Start 148: test_l95_letkf

148: Test command: /home/nonroot/shared/oops/build/bin/l95_letkf.x "testinput/letkf.yaml"
148: Environment variables: 
148:  OMP_NUM_THREADS=2
148: Test timeout computed to be: 1500
148: Configuration input file is: testinput/letkf.yaml
148: OOPS Starting 2024-12-05 18:04:20 (UTC+0000)
148: [TestReference] Comparing to reference file: testoutput/letkf.test
148: Relative float tolerance for tests : 1e-06
148: Absolute float tolerance for tests : 0
148: [TestReference] Saving Test output to: testoutput/letkf.out
148: Full configuration is:YAMLConfiguration[path=testinput/letkf.yaml, root={window begin => 2010-01-01T21:00:00Z , window length => PT6H , geometry => {resol => 40} , background => {members from template => {template => {date => 2010-01-02T00:00:00Z , filename => Data/forecast.ens.%mem%.2010-01-01T00:00:00Z.P1D.l95} , pattern => %mem% , nmembers => 5}} , observations => {observers => ({obs error => {covariance model => diagonal} , obs localizations => ({localization method => Gaspari-Cohn , lengthscale => 0.1}) , obs space => {obsdatain => {engine => {obsfile => Data/truth3d.2010-01-02T00:00:00Z.obt}} , obsdataout => {engine => {obsfile => Data/letkf.2010-01-02T00:00:00Z.obt}}} , obs operator => {}})} , driver => {save prior mean => true , save posterior mean => true , save posterior mean increment => true , save posterior ensemble increments => true , save prior variance => true , save posterior variance => true , update obs config with geometry info => false} , local ensemble DA => {solver => LETKF , inflation => {rtps => 0.5 , rtpp => 0.5 , mult => 1.1}} , output => {datadir => Data , date => 2010-01-02T00:00:00Z , exp => letkf.%{member}% , type => an} , output increment => {datadir => Data , date => 2010-01-02T00:00:00Z , exp => letkf.increment.%{member}% , type => an} , output ensemble increments => {datadir => Data , date => 2010-01-02T00:00:00Z , exp => letkf.increment.%{member}% , type => an} , output mean prior => {datadir => Data , date => 2010-01-02T00:00:00Z , exp => letkf.xbmean.%{member}% , type => an} , output variance prior => {datadir => Data , date => 2010-01-02T00:00:00Z , exp => letkf.xbvar.%{member}% , type => an} , output variance posterior => {datadir => Data , date => 2010-01-02T00:00:00Z , exp => letkf.xavar.%{member}% , type => an} , test => {reference filename => testoutput/letkf.test , test output filename => testoutput/letkf.out}}]
148: OOPS_STATS ObjectCountHelper started.
148: OOPS_STATS Run start                                - Runtime:      0.03 sec,  Memory: total:    29.63 Mb, per task: min =    29.63 Mb, max =    29.63 Mb
148: Run: Starting oops::LocalEnsembleDA<Lorenz 95, Lorenz 95 Obs>
148: Observation window from 2010-01-01T21:00:00Z to 2010-01-02T03:00:00Z
148: GeometryData: Global tree size = 40, footprint = 2560
148: ABORT: StateL95::read: Error opening file: Data/forecast.ens.1.2010-01-01T00:00:00Z.P1D.l95
148:        in file '/home/nonroot/shared/oops/l95/src/lorenz95/StateL95.cc', line 133
148: Exception: TestReference: Missing test output line corresponding to reference file Line#:1
148: Ref line: 'Initial state for member 1:'
148: Exception: oops::LocalEnsembleDA<Lorenz 95, Lorenz 95 Obs> terminating...
148: terminate called after throwing an instance of 'oops::TestReferenceMissingTestLineError'
148:   what():  TestReference: Missing test output line corresponding to reference file Line#:1
148: Ref line: 'Initial state for member 1:'
1/4 Test #148: test_l95_letkf ...................Subprocess aborted***Exception:   0.24 sec
test 149
    Start 149: test_l95_letkf_noobs

149: Test command: /home/nonroot/shared/oops/build/bin/l95_letkf.x "testinput/letkf_noobs.yaml"
149: Environment variables: 
149:  OMP_NUM_THREADS=1
149: Test timeout computed to be: 1500
149: Configuration input file is: testinput/letkf_noobs.yaml
149: OOPS Starting 2024-12-05 18:04:20 (UTC+0000)
149: [TestReference] Comparing to reference file: testoutput/letkf_noobs.test
149: Relative float tolerance for tests : 1e-06
149: Absolute float tolerance for tests : 0
149: Full configuration is:YAMLConfiguration[path=testinput/letkf_noobs.yaml, root={window begin => 2010-01-01T21:00:00Z , window length => PT6H , geometry => {resol => 40} , background => {members from template => {template => {date => 2010-01-02T00:00:00Z , filename => Data/forecast.ens.%mem%.2010-01-01T00:00:00Z.P1D.l95} , pattern => %mem% , nmembers => 5}} , driver => {update obs config with geometry info => false} , observations => {observers => ({obs error => {covariance model => diagonal} , obs localizations => ({localization method => Gaspari-Cohn , lengthscale => 0.1}) , obs space => {obsdatain => {engine => {obsfile => Data/noobs.obt}}} , obs operator => {}})} , local ensemble DA => {solver => LETKF , inflation => {rtps => 0.5 , rtpp => 0.5 , mult => 1.1}} , output => {datadir => Data , date => 2010-01-02T00:00:00Z , exp => letkf.%{member}% , type => an} , test => {reference filename => testoutput/letkf_noobs.test}}]
149: OOPS_STATS ObjectCountHelper started.
149: OOPS_STATS Run start                                - Runtime:      0.03 sec,  Memory: total:    29.59 Mb, per task: min =    29.59 Mb, max =    29.59 Mb
149: Run: Starting oops::LocalEnsembleDA<Lorenz 95, Lorenz 95 Obs>
149: Observation window from 2010-01-01T21:00:00Z to 2010-01-02T03:00:00Z
149: GeometryData: Global tree size = 40, footprint = 2560
149: ABORT: StateL95::read: Error opening file: Data/forecast.ens.1.2010-01-01T00:00:00Z.P1D.l95
149:        in file '/home/nonroot/shared/oops/l95/src/lorenz95/StateL95.cc', line 133
149: Exception: TestReference: Missing test output line corresponding to reference file Line#:1
149: Ref line: 'Initial state for member 1:'
149: Exception: oops::LocalEnsembleDA<Lorenz 95, Lorenz 95 Obs> terminating...
149: terminate called after throwing an instance of 'oops::TestReferenceMissingTestLineError'
149:   what():  TestReference: Missing test output line corresponding to reference file Line#:1
149: Ref line: 'Initial state for member 1:'
2/4 Test #149: test_l95_letkf_noobs .............Subprocess aborted***Exception:   0.13 sec
test 150
    Start 150: test_l95_letkf_qc

150: Test command: /home/nonroot/shared/oops/build/bin/l95_letkf.x "testinput/letkf_qc.yaml"
150: Environment variables: 
150:  OMP_NUM_THREADS=1
150: Test timeout computed to be: 1500
150: Configuration input file is: testinput/letkf_qc.yaml
150: OOPS Starting 2024-12-05 18:04:21 (UTC+0000)
150: [TestReference] Comparing to reference file: testoutput/letkf_qc.test
150: Relative float tolerance for tests : 1e-06
150: Absolute float tolerance for tests : 0
150: Full configuration is:YAMLConfiguration[path=testinput/letkf_qc.yaml, root={window begin => 2010-01-01T21:00:00Z , window length => PT6H , geometry => {resol => 40} , background => {members from template => {template => {date => 2010-01-02T00:00:00Z , filename => Data/forecast.ens.%mem%.2010-01-01T00:00:00Z.P1D.l95} , pattern => %mem% , nmembers => 5}} , driver => {update obs config with geometry info => false} , observations => {observers => ({obs error => {covariance model => diagonal} , obs localizations => ({localization method => Gaspari-Cohn , lengthscale => 0.1}) , obs space => {obsdatain => {engine => {obsfile => Data/truth3d.2010-01-02T00:00:00Z.obt}}} , obs operator => {} , obs filters => ({filter => Background Check , threshold => 3})})} , local ensemble DA => {solver => LETKF , inflation => {rtps => 0.5 , rtpp => 0.5 , mult => 1.1}} , output => {datadir => Data , date => 2010-01-02T00:00:00Z , exp => letkf.%{member}% , type => an} , test => {reference filename => testoutput/letkf_qc.test}}]
150: OOPS_STATS ObjectCountHelper started.
150: OOPS_STATS Run start                                - Runtime:      0.03 sec,  Memory: total:    29.59 Mb, per task: min =    29.59 Mb, max =    29.59 Mb
150: Run: Starting oops::LocalEnsembleDA<Lorenz 95, Lorenz 95 Obs>
150: Observation window from 2010-01-01T21:00:00Z to 2010-01-02T03:00:00Z
150: GeometryData: Global tree size = 40, footprint = 2560
150: ABORT: StateL95::read: Error opening file: Data/forecast.ens.1.2010-01-01T00:00:00Z.P1D.l95
150:        in file '/home/nonroot/shared/oops/l95/src/lorenz95/StateL95.cc', line 133
150: Exception: TestReference: Missing test output line corresponding to reference file Line#:1
150: Ref line: 'Initial state for member 1:'
150: Exception: oops::LocalEnsembleDA<Lorenz 95, Lorenz 95 Obs> terminating...
150: terminate called after throwing an instance of 'oops::TestReferenceMissingTestLineError'
150:   what():  TestReference: Missing test output line corresponding to reference file Line#:1
150: Ref line: 'Initial state for member 1:'
3/4 Test #150: test_l95_letkf_qc ................Subprocess aborted***Exception:   0.13 sec
test 151
    Start 151: test_l95_letkf_gsi

151: Test command: /home/nonroot/shared/oops/build/bin/l95_letkf.x "testinput/letkf_gsi.yaml"
151: Environment variables: 
151:  OMP_NUM_THREADS=1
151: Test timeout computed to be: 1500
151: Configuration input file is: testinput/letkf_gsi.yaml
151: OOPS Starting 2024-12-05 18:04:21 (UTC+0000)
151: [TestReference] Comparing to reference file: testoutput/letkf.test
151: Relative float tolerance for tests : 0.0001
151: Absolute float tolerance for tests : 0
151: Full configuration is:YAMLConfiguration[path=testinput/letkf_gsi.yaml, root={window begin => 2010-01-01T21:00:00Z , window length => PT6H , geometry => {resol => 40} , background => {members from template => {template => {date => 2010-01-02T00:00:00Z , filename => Data/forecast.ens.%mem%.2010-01-01T00:00:00Z.P1D.l95} , pattern => %mem% , nmembers => 5}} , observations => {observers => ({obs error => {covariance model => diagonal} , obs localizations => ({localization method => Gaspari-Cohn , lengthscale => 0.1}) , obs space => {obsdatain => {engine => {obsfile => Data/truth3d.2010-01-02T00:00:00Z.obt}} , obsdataout => {engine => {obsfile => Data/letkf_gsi.2010-01-02T00:00:00Z.obt}}} , obs operator => {}})} , driver => {save prior mean => true , save posterior mean => true , save posterior mean increment => true , save prior variance => true , save posterior variance => true , update obs config with geometry info => false} , local ensemble DA => {solver => GSI LETKF , inflation => {rtps => 0.5 , rtpp => 0.5 , mult => 1.1}} , output => {datadir => Data , date => 2010-01-02T00:00:00Z , exp => letkf_gsi.%{member}% , type => an} , output increment => {datadir => Data , date => 2010-01-02T00:00:00Z , exp => letkf_gsi.increment.%{member}% , type => an} , output mean prior => {datadir => Data , date => 2010-01-02T00:00:00Z , exp => letkf_gsi.xbmean.%{member}% , type => an} , output variance prior => {datadir => Data , date => 2010-01-02T00:00:00Z , exp => letkf_gsi.xbvar.%{member}% , type => an} , output variance posterior => {datadir => Data , date => 2010-01-02T00:00:00Z , exp => letkf_gsi.xavar.%{member}% , type => an} , test => {reference filename => testoutput/letkf.test , float relative tolerance => 0.0001}}]
151: OOPS_STATS ObjectCountHelper started.
151: OOPS_STATS Run start                                - Runtime:      0.03 sec,  Memory: total:    29.72 Mb, per task: min =    29.72 Mb, max =    29.72 Mb
151: Run: Starting oops::LocalEnsembleDA<Lorenz 95, Lorenz 95 Obs>
151: Observation window from 2010-01-01T21:00:00Z to 2010-01-02T03:00:00Z
151: GeometryData: Global tree size = 40, footprint = 2560
151: ABORT: StateL95::read: Error opening file: Data/forecast.ens.1.2010-01-01T00:00:00Z.P1D.l95
151:        in file '/home/nonroot/shared/oops/l95/src/lorenz95/StateL95.cc', line 133
151: Exception: TestReference: Missing test output line corresponding to reference file Line#:1
151: Ref line: 'Initial state for member 1:'
151: Exception: oops::LocalEnsembleDA<Lorenz 95, Lorenz 95 Obs> terminating...
151: terminate called after throwing an instance of 'oops::TestReferenceMissingTestLineError'
151:   what():  TestReference: Missing test output line corresponding to reference file Line#:1
151: Ref line: 'Initial state for member 1:'
4/4 Test #151: test_l95_letkf_gsi ...............Subprocess aborted***Exception:   0.13 sec

0% tests passed, 4 tests failed out of 4

Label Time Summary:
oops      =   0.64 sec*proc (4 tests)
openmp    =   0.24 sec*proc (1 test)
script    =   0.64 sec*proc (4 tests)

Total Test time (real) =   0.70 sec

The following tests FAILED:
	148 - test_l95_letkf (Subprocess aborted)
	149 - test_l95_letkf_noobs (Subprocess aborted)
	150 - test_l95_letkf_qc (Subprocess aborted)
	151 - test_l95_letkf_gsi (Subprocess aborted)
